13:15:30.760 > Dispositivo iniciado, puedes conectarlo a Bluetooth
13:15:30.770 > AS5600 inicializada.
13:15:30.776 > Esperando mediciones...
13:15:30.784 > Angle: 96.24 Tiempo: 10
13:15:30.790 > Angle: 96.24 Tiempo: 10
13:15:30.808 > Angle: 96.24 Tiempo: 10
13:15:30.817 > Angle: 96.15 Tiempo: 10
13:15:30.827 > Angle: 96.15 Tiempo: 10
13:15:30.833 > Angle: 96.15 Tiempo: 10
13:15:30.844 > Angle: 96.15 Tiempo: 10
13:15:30.857 > Angle: 96.06 Tiempo: 10
13:15:30.867 > Angle: 96.15 Tiempo: 10
13:15:30.877 > Angle: 96.15 Tiempo: 10
13:15:30.885 > Angle: 96.24 Tiempo: 10
13:15:30.885 > Angle: 96.33 Tiempo: 10
13:15:30.907 > Angle: 96.42 Tiempo: 10
13:15:30.917 > Angle: 96.42 Tiempo: 10
13:15:30.927 > Angle: 96.50 Tiempo: 10
13:15:30.933 > Angle: 96.50 Tiempo: 10
13:15:30.944 > Angle: 96.42 Tiempo: 10
13:15:30.957 > Angle: 96.33 Tiempo: 10
13:15:30.967 > Angle: 96.33 Tiempo: 10
13:15:30.978 > Angle: 96.24 Tiempo: 10
13:15:30.986 > Angle: 96.15 Tiempo: 10
13:15:30.986 > Angle: 96.15 Tiempo: 10
13:15:31.006 > Angle: 96.06 Tiempo: 10
13:15:31.017 > Angle: 96.06 Tiempo: 10
13:15:31.024 > Angle: 96.06 Tiempo: 10
13:15:31.033 > Angle: 96.15 Tiempo: 10
13:15:31.045 > Angle: 96.15 Tiempo: 10
13:15:31.056 > Angle: 96.15 Tiempo: 10
13:15:31.066 > Angle: 96.15 Tiempo: 10
13:15:31.076 > Angle: 96.15 Tiempo: 10
13:15:31.083 > Angle: 96.15 Tiempo: 10
13:15:31.090 > Angle: 96.15 Tiempo: 10
13:15:31.107 > Angle: 96.06 Tiempo: 10
13:15:31.116 > Angle: 95.98 Tiempo: 10
13:15:31.127 > Angle: 95.98 Tiempo: 10
13:15:31.133 > Angle: 95.89 Tiempo: 10
13:15:31.145 > Angle: 95.89 Tiempo: 10
13:15:31.157 > Angle: 95.89 Tiempo: 10
13:15:31.167 > Angle: 95.98 Tiempo: 10
13:15:31.177 > Angle: 95.98 Tiempo: 10
13:15:31.183 > Angle: 96.06 Tiempo: 10
13:15:31.190 > Angle: 96.06 Tiempo: 10
13:15:31.207 > Angle: 96.15 Tiempo: 10
13:15:31.217 > Angle: 96.15 Tiempo: 10
13:15:31.227 > Angle: 96.15 Tiempo: 10
13:15:31.233 > Angle: 96.15 Tiempo: 10
13:15:31.245 > Angle: 96.15 Tiempo: 10
13:15:31.257 > Angle: 96.15 Tiempo: 10
13:15:31.266 > Angle: 96.06 Tiempo: 10
13:15:31.277 > Angle: 96.06 Tiempo: 10
13:15:31.283 > Angle: 95.98 Tiempo: 10
13:15:31.298 > Angle: 95.98 Tiempo: 10
13:15:31.307 > Angle: 95.98 Tiempo: 10
13:15:31.317 > Angle: 95.98 Tiempo: 10
13:15:31.327 > Angle: 95.98 Tiempo: 10
13:15:31.333 > Angle: 95.98 Tiempo: 10
13:15:31.346 > Angle: 96.06 Tiempo: 10
13:15:31.356 > Angle: 96.06 Tiempo: 10
13:15:31.366 > Angle: 96.15 Tiempo: 10
13:15:31.374 > Angle: 96.15 Tiempo: 10
13:15:31.383 > Angle: 96.06 Tiempo: 10
13:15:31.390 > Angle: 95.98 Tiempo: 10
13:15:31.407 > Angle: 95.71 Tiempo: 10
13:15:31.417 > Angle: 95.54 Tiempo: 10
13:15:31.427 > Angle: 95.27 Tiempo: 10
13:15:31.433 > Angle: 95.10 Tiempo: 10
13:15:31.448 > Angle: 94.92 Tiempo: 10
13:15:31.453 > Angle: 94.75 Tiempo: 10
13:15:31.466 > Angle: 94.39 Tiempo: 10
13:15:31.474 > Angle: 93.87 Tiempo: 10
13:15:31.483 > Angle: 92.99 Tiempo: 10
13:15:31.490 > Angle: 91.76 Tiempo: 10
13:15:31.503 > Angle: 90.00 Tiempo: 10
13:15:31.516 > Angle: 87.89 Tiempo: 10
13:15:31.525 > Angle: 85.34 Tiempo: 10
13:15:31.536 > Angle: 82.44 Tiempo: 10
13:15:31.546 > Angle: 79.10 Tiempo: 10
13:15:31.556 > Angle: 75.41 Tiempo: 10
13:15:31.566 > Angle: 71.10 Tiempo: 10
13:15:31.576 > Angle: 66.62 Tiempo: 10
13:15:31.586 > Angle: 61.79 Tiempo: 10
13:15:31.597 > Angle: 56.60 Tiempo: 10
13:15:31.607 > Angle: 51.15 Tiempo: 10
13:15:31.617 > Angle: 45.35 Tiempo: 10
13:15:31.627 > Angle: 39.46 Tiempo: 10
13:15:31.635 > Angle: 33.31 Tiempo: 10
13:15:31.646 > Angle: 27.07 Tiempo: 10
13:15:31.656 > Angle: 20.92 Tiempo: 10
13:15:31.666 > Angle: 14.85 Tiempo: 10
13:15:31.675 > Angle: 8.79 Tiempo: 10
13:15:31.683 > Angle: 2.81 Tiempo: 10
13:15:31.690 > Angle: -3.43 Tiempo: 10
13:15:31.703 > Angle: -9.32 Tiempo: 10
13:15:31.717 > Angle: -15.03 Tiempo: 10
13:15:31.726 > Angle: -20.65 Tiempo: 10
13:15:31.736 > Angle: -26.10 Tiempo: 10
13:15:31.748 > Angle: -31.38 Tiempo: 10
13:15:31.753 > Angle: -36.39 Tiempo: 10
13:15:31.766 > Angle: -40.96 Tiempo: 10
13:15:31.774 > Angle: -45.26 Tiempo: 10
13:15:31.783 > Angle: -49.22 Tiempo: 10
13:15:31.789 > Angle: -52.56 Tiempo: 10
13:15:31.803 > Angle: -55.63 Tiempo: 10
13:15:31.816 > Angle: -58.10 Tiempo: 10
13:15:31.826 > Angle: -60.21 Tiempo: 10
13:15:31.836 > Angle: -61.79 Tiempo: 10
13:15:31.847 > Angle: -62.84 Tiempo: 10
13:15:31.853 > Angle: -63.46 Tiempo: 10
13:15:31.867 > Angle: -63.63 Tiempo: 10
13:15:31.875 > Angle: -63.37 Tiempo: 10
13:15:31.886 > Angle: -62.58 Tiempo: 10
13:15:31.886 > Angle: -61.35 Tiempo: 10
13:15:31.903 > Angle: -59.68 Tiempo: 10
13:15:31.917 > Angle: -57.57 Tiempo: 10
13:15:31.926 > Angle: -55.02 Tiempo: 10
13:15:31.936 > Angle: -52.12 Tiempo: 10
13:15:31.947 > Angle: -48.78 Tiempo: 10
13:15:31.953 > Angle: -45.09 Tiempo: 10
13:15:31.966 > Angle: -40.96 Tiempo: 10
13:15:31.973 > Angle: -36.65 Tiempo: 10
13:15:31.986 > Angle: -31.99 Tiempo: 10
13:15:31.995 > Angle: -27.16 Tiempo: 10
13:15:32.003 > Angle: -22.24 Tiempo: 10
13:15:32.016 > Angle: -17.14 Tiempo: 10
13:15:32.027 > Angle: -12.04 Tiempo: 10
13:15:32.036 > Angle: -6.86 Tiempo: 10
13:15:32.047 > Angle: -1.76 Tiempo: 10
13:15:32.053 > Angle: 3.43 Tiempo: 10
13:15:32.066 > Angle: 8.61 Tiempo: 10
13:15:32.076 > Angle: 13.71 Tiempo: 10
13:15:32.086 > Angle: 18.81 Tiempo: 10
13:15:32.098 > Angle: 23.91 Tiempo: 10
13:15:32.103 > Angle: 28.83 Tiempo: 10
13:15:32.117 > Angle: 33.66 Tiempo: 10
13:15:32.125 > Angle: 38.23 Tiempo: 10
13:15:32.136 > Angle: 42.54 Tiempo: 10
13:15:32.147 > Angle: 46.67 Tiempo: 10
13:15:32.153 > Angle: 50.54 Tiempo: 10
13:15:32.167 > Angle: 54.05 Tiempo: 10
13:15:32.178 > Angle: 57.39 Tiempo: 10
13:15:32.186 > Angle: 60.12 Tiempo: 10
13:15:32.186 > Angle: 62.40 Tiempo: 10
13:15:32.203 > Angle: 64.42 Tiempo: 10
13:15:32.217 > Angle: 65.92 Tiempo: 10
13:15:32.227 > Angle: 67.15 Tiempo: 10
13:15:32.236 > Angle: 67.94 Tiempo: 10
13:15:32.248 > Angle: 68.29 Tiempo: 10
13:15:32.253 > Angle: 68.29 Tiempo: 10
13:15:32.267 > Angle: 67.94 Tiempo: 10
13:15:32.274 > Angle: 67.15 Tiempo: 10
13:15:32.286 > Angle: 66.01 Tiempo: 10
13:15:32.296 > Angle: 64.42 Tiempo: 10
13:15:32.303 > Angle: 62.40 Tiempo: 10
13:15:32.316 > Angle: 60.12 Tiempo: 10
13:15:32.327 > Angle: 57.48 Tiempo: 10
13:15:32.336 > Angle: 54.49 Tiempo: 10
13:15:32.348 > Angle: 51.24 Tiempo: 10
13:15:32.353 > Angle: 47.72 Tiempo: 10
13:15:32.367 > Angle: 43.77 Tiempo: 10
13:15:32.376 > Angle: 39.81 Tiempo: 10
13:15:32.386 > Angle: 35.60 Tiempo: 10
13:15:32.398 > Angle: 31.11 Tiempo: 10
13:15:32.403 > Angle: 26.63 Tiempo: 10
13:15:32.417 > Angle: 21.97 Tiempo: 10
13:15:32.424 > Angle: 17.40 Tiempo: 10
13:15:32.436 > Angle: 12.48 Tiempo: 10
13:15:32.448 > Angle: 7.82 Tiempo: 10
13:15:32.453 > Angle: 3.34 Tiempo: 10
13:15:32.467 > Angle: -1.14 Tiempo: 10
13:15:32.471 > Angle: -5.62 Tiempo: 10
13:15:32.487 > Angle: -9.93 Tiempo: 10
13:15:32.487 > Angle: -14.15 Tiempo: 10
13:15:32.503 > Angle: -18.28 Tiempo: 10
13:15:32.517 > Angle: -22.24 Tiempo: 10
13:15:32.526 > Angle: -26.02 Tiempo: 10
13:15:32.536 > Angle: -29.53 Tiempo: 10
13:15:32.547 > Angle: -32.70 Tiempo: 10
13:15:32.553 > Angle: -35.68 Tiempo: 10
13:15:32.566 > Angle: -38.32 Tiempo: 10
13:15:32.574 > Angle: -40.61 Tiempo: 10
13:15:32.586 > Angle: -42.54 Tiempo: 10
13:15:32.595 > Angle: -44.12 Tiempo: 10
13:15:32.603 > Angle: -45.35 Tiempo: 10
13:15:32.617 > Angle: -46.14 Tiempo: 10
13:15:32.627 > Angle: -46.49 Tiempo: 10
13:15:32.636 > Angle: -46.58 Tiempo: 10
13:15:32.636 > Angle: -46.14 Tiempo: 10
13:15:32.653 > Angle: -45.44 Tiempo: 10
13:15:32.666 > Angle: -44.21 Tiempo: 10
13:15:32.676 > Angle: -42.71 Tiempo: 10
13:15:32.686 > Angle: -40.87 Tiempo: 10
13:15:32.698 > Angle: -38.67 Tiempo: 10
13:15:32.703 > Angle: -36.21 Tiempo: 10
13:15:32.717 > Angle: -33.40 Tiempo: 10
13:15:32.724 > Angle: -30.41 Tiempo: 10
13:15:32.736 > Angle: -27.16 Tiempo: 10
13:15:32.745 > Angle: -23.73 Tiempo: 10
13:15:32.753 > Angle: -20.13 Tiempo: 10
13:15:32.767 > Angle: -16.44 Tiempo: 10
13:15:32.777 > Angle: -12.57 Tiempo: 10
13:15:32.786 > Angle: -8.70 Tiempo: 10
13:15:32.786 > Angle: -4.83 Tiempo: 10
13:15:32.803 > Angle: -0.79 Tiempo: 10
13:15:32.817 > Angle: 3.08 Tiempo: 10
13:15:32.827 > Angle: 7.03 Tiempo: 10
13:15:32.836 > Angle: 10.99 Tiempo: 10
13:15:32.836 > Angle: 14.85 Tiempo: 10
13:15:32.853 > Angle: 18.72 Tiempo: 10
13:15:32.867 > Angle: 22.50 Tiempo: 10
13:15:32.875 > Angle: 26.10 Tiempo: 10
13:15:32.887 > Angle: 29.71 Tiempo: 10
13:15:32.896 > Angle: 33.05 Tiempo: 10
13:15:32.903 > Angle: 36.12 Tiempo: 10
13:15:32.916 > Angle: 39.11 Tiempo: 10
13:15:32.928 > Angle: 41.31 Tiempo: 10
13:15:32.936 > Angle: 44.21 Tiempo: 10
13:15:32.936 > Angle: 46.23 Tiempo: 10
13:15:32.953 > Angle: 47.99 Tiempo: 10
13:15:32.967 > Angle: 49.48 Tiempo: 10
13:15:32.976 > Angle: 50.63 Tiempo: 10
13:15:32.986 > Angle: 51.50 Tiempo: 10
13:15:32.998 > Angle: 51.94 Tiempo: 10
13:15:33.003 > Angle: 52.03 Tiempo: 10
13:15:33.017 > Angle: 51.86 Tiempo: 10
13:15:33.024 > Angle: 51.42 Tiempo: 10
13:15:33.036 > Angle: 50.54 Tiempo: 10
13:15:33.046 > Angle: 49.39 Tiempo: 10
13:15:33.053 > Angle: 47.90 Tiempo: 10
13:15:33.067 > Angle: 46.14 Tiempo: 10
13:15:33.078 > Angle: 44.12 Tiempo: 10
13:15:33.086 > Angle: 41.75 Tiempo: 10
13:15:33.086 > Angle: 39.29 Tiempo: 10
13:15:33.103 > Angle: 36.56 Tiempo: 10
13:15:33.117 > Angle: 33.57 Tiempo: 10
13:15:33.127 > Angle: 30.50 Tiempo: 10
13:15:33.136 > Angle: 27.25 Tiempo: 10
13:15:33.147 > Angle: 23.91 Tiempo: 10
13:15:33.153 > Angle: 20.48 Tiempo: 10
13:15:33.167 > Angle: 16.96 Tiempo: 10
13:15:33.174 > Angle: 13.45 Tiempo: 10
13:15:33.186 > Angle: 9.67 Tiempo: 10
13:15:33.195 > Angle: 6.15 Tiempo: 10
13:15:33.203 > Angle: 2.72 Tiempo: 10
13:15:33.217 > Angle: -0.70 Tiempo: 10
13:15:33.221 > Angle: -4.13 Tiempo: 10
13:15:33.236 > Angle: -7.38 Tiempo: 10
13:15:33.236 > Angle: -10.63 Tiempo: 10
13:15:33.253 > Angle: -13.62 Tiempo: 10
13:15:33.267 > Angle: -16.61 Tiempo: 10
13:15:33.276 > Angle: -19.34 Tiempo: 10
13:15:33.286 > Angle: -21.88 Tiempo: 10
13:15:33.297 > Angle: -24.26 Tiempo: 10
13:15:33.303 > Angle: -26.37 Tiempo: 10
13:15:33.317 > Angle: -28.12 Tiempo: 10
13:15:33.323 > Angle: -29.71 Tiempo: 10
13:15:33.336 > Angle: -30.94 Tiempo: 10
13:15:33.345 > Angle: -31.90 Tiempo: 10
13:15:33.353 > Angle: -32.61 Tiempo: 10
13:15:33.367 > Angle: -32.96 Tiempo: 10
13:15:33.371 > Angle: -33.05 Tiempo: 10
13:15:33.386 > Angle: -32.96 Tiempo: 10
13:15:33.386 > Angle: -32.34 Tiempo: 10
13:15:33.403 > Angle: -31.64 Tiempo: 10
13:15:33.417 > Angle: -30.59 Tiempo: 10
13:15:33.426 > Angle: -29.18 Tiempo: 10
13:15:33.436 > Angle: -27.60 Tiempo: 10
13:15:33.453 > Angle: -25.84 Tiempo: 10
13:15:33.472 > Angle: -23.82 Tiempo: 10
13:15:33.472 > Angle: -21.62 Tiempo: 10
13:15:33.472 > Angle: -19.25 Tiempo: 10
13:15:33.486 > Angle: -16.70 Tiempo: 10
13:15:33.495 > Angle: -14.06 Tiempo: 10
13:15:33.506 > Angle: -11.25 Tiempo: 10
13:15:33.517 > Angle: -8.53 Tiempo: 10
13:15:33.527 > Angle: -5.62 Tiempo: 10
13:15:33.535 > Angle: -2.64 Tiempo: 10
13:15:33.535 > Angle: 0.26 Tiempo: 10
13:15:33.552 > Angle: 3.25 Tiempo: 10
13:15:33.567 > Angle: 6.24 Tiempo: 10
13:15:33.575 > Angle: 9.14 Tiempo: 10
13:15:33.586 > Angle: 12.13 Tiempo: 10
13:15:33.597 > Angle: 14.94 Tiempo: 10
13:15:33.603 > Angle: 17.75 Tiempo: 10
13:15:33.617 > Angle: 20.48 Tiempo: 10
13:15:33.623 > Angle: 23.12 Tiempo: 10
13:15:33.636 > Angle: 25.58 Tiempo: 10
13:15:33.645 > Angle: 27.86 Tiempo: 10
13:15:33.653 > Angle: 30.06 Tiempo: 10
13:15:33.667 > Angle: 32.08 Tiempo: 10
13:15:33.671 > Angle: 33.84 Tiempo: 10
13:15:33.686 > Angle: 35.33 Tiempo: 10
13:15:33.686 > Angle: 36.65 Tiempo: 10
13:15:33.703 > Angle: 37.71 Tiempo: 10
13:15:33.717 > Angle: 38.50 Tiempo: 10
13:15:33.726 > Angle: 39.02 Tiempo: 10
13:15:33.736 > Angle: 39.38 Tiempo: 10
13:15:33.747 > Angle: 39.38 Tiempo: 10
13:15:33.752 > Angle: 39.11 Tiempo: 10
13:15:33.767 > Angle: 38.67 Tiempo: 10
13:15:33.774 > Angle: 37.97 Tiempo: 10
13:15:33.786 > Angle: 36.91 Tiempo: 10
13:15:33.795 > Angle: 35.77 Tiempo: 10
13:15:33.803 > Angle: 34.37 Tiempo: 10
13:15:33.817 > Angle: 32.70 Tiempo: 10
13:15:33.827 > Angle: 30.94 Tiempo: 10
13:15:33.836 > Angle: 28.92 Tiempo: 10
13:15:33.836 > Angle: 26.81 Tiempo: 10
13:15:33.853 > Angle: 24.52 Tiempo: 10
13:15:33.867 > Angle: 22.15 Tiempo: 10
13:15:33.877 > Angle: 19.69 Tiempo: 10
13:15:33.886 > Angle: 17.23 Tiempo: 10
13:15:33.886 > Angle: 14.59 Tiempo: 10
13:15:33.902 > Angle: 11.95 Tiempo: 10
13:15:33.917 > Angle: 9.14 Tiempo: 10
13:15:33.925 > Angle: 6.50 Tiempo: 10
13:15:33.936 > Angle: 3.96 Tiempo: 10
13:15:33.947 > Angle: 1.32 Tiempo: 10
13:15:33.955 > Angle: -1.23 Tiempo: 10
13:15:33.967 > Angle: -3.69 Tiempo: 10
13:15:33.977 > Angle: -6.15 Tiempo: 10
13:15:33.986 > Angle: -8.44 Tiempo: 10
13:15:33.986 > Angle: -10.63 Tiempo: 10
13:15:34.003 > Angle: -12.66 Tiempo: 10
13:15:34.017 > Angle: -14.59 Tiempo: 10
13:15:34.024 > Angle: -16.35 Tiempo: 10
13:15:34.036 > Angle: -17.93 Tiempo: 10
13:15:34.046 > Angle: -19.25 Tiempo: 10
13:15:34.054 > Angle: -20.48 Tiempo: 10
13:15:34.067 > Angle: -21.36 Tiempo: 10
13:15:34.077 > Angle: -22.06 Tiempo: 10
13:15:34.086 > Angle: -22.59 Tiempo: 10
13:15:34.086 > Angle: -22.76 Tiempo: 10
13:15:34.105 > Angle: -22.76 Tiempo: 10
13:15:34.117 > Angle: -22.59 Tiempo: 10
13:15:34.124 > Angle: -22.15 Tiempo: 10
13:15:34.137 > Angle: -21.45 Tiempo: 10
13:15:34.146 > Angle: -20.57 Tiempo: 10
13:15:34.153 > Angle: -19.42 Tiempo: 10
13:15:34.167 > Angle: -18.11 Tiempo: 10
13:15:34.173 > Angle: -16.70 Tiempo: 10
13:15:34.186 > Angle: -15.12 Tiempo: 10
13:15:34.191 > Angle: -13.45 Tiempo: 10
13:15:34.200 > Angle: -11.60 Tiempo: 10
13:15:34.217 > Angle: -9.67 Tiempo: 10
13:15:34.225 > Angle: -7.65 Tiempo: 10
13:15:34.233 > Angle: -5.62 Tiempo: 10
13:15:34.243 > Angle: -3.43 Tiempo: 10
13:15:34.253 > Angle: -1.23 Tiempo: 10
13:15:34.267 > Angle: 0.97 Tiempo: 10
13:15:34.276 > Angle: 3.16 Tiempo: 10
13:15:34.287 > Angle: 5.45 Tiempo: 10
13:15:34.287 > Angle: 7.65 Tiempo: 10
13:15:34.303 > Angle: 9.84 Tiempo: 10
13:15:34.317 > Angle: 11.95 Tiempo: 10
13:15:34.325 > Angle: 14.06 Tiempo: 10
13:15:34.336 > Angle: 16.08 Tiempo: 10
13:15:34.347 > Angle: 18.02 Tiempo: 10
13:15:34.353 > Angle: 19.86 Tiempo: 10
13:15:34.367 > Angle: 21.62 Tiempo: 10
13:15:34.373 > Angle: 23.20 Tiempo: 10
13:15:34.386 > Angle: 24.79 Tiempo: 10
13:15:34.395 > Angle: 26.02 Tiempo: 10
13:15:34.403 > Angle: 27.16 Tiempo: 10
13:15:34.417 > Angle: 28.12 Tiempo: 10
13:15:34.422 > Angle: 28.92 Tiempo: 10
13:15:34.436 > Angle: 29.53 Tiempo: 10
13:15:34.436 > Angle: 29.88 Tiempo: 10
13:15:34.453 > Angle: 30.15 Tiempo: 10
13:15:34.467 > Angle: 30.15 Tiempo: 10
13:15:34.476 > Angle: 29.88 Tiempo: 10
13:15:34.486 > Angle: 29.62 Tiempo: 10
13:15:34.497 > Angle: 29.00 Tiempo: 10
13:15:34.503 > Angle: 28.30 Tiempo: 10
13:15:34.517 > Angle: 27.33 Tiempo: 10
13:15:34.524 > Angle: 26.28 Tiempo: 10
13:15:34.536 > Angle: 25.05 Tiempo: 10
13:15:34.545 > Angle: 23.73 Tiempo: 10
13:15:34.555 > Angle: 22.24 Tiempo: 10
13:15:34.567 > Angle: 20.65 Tiempo: 10
13:15:34.577 > Angle: 18.98 Tiempo: 10
13:15:34.587 > Angle: 17.23 Tiempo: 10
13:15:34.587 > Angle: 15.38 Tiempo: 10
13:15:34.603 > Angle: 13.54 Tiempo: 10
13:15:34.617 > Angle: 11.60 Tiempo: 10
13:15:34.626 > Angle: 9.67 Tiempo: 10
13:15:34.637 > Angle: 7.65 Tiempo: 10
13:15:34.647 > Angle: 5.62 Tiempo: 10
13:15:34.653 > Angle: 3.60 Tiempo: 10
13:15:34.667 > Angle: 1.76 Tiempo: 10
13:15:34.673 > Angle: -0.18 Tiempo: 10
13:15:34.686 > Angle: -1.93 Tiempo: 10
13:15:34.695 > Angle: -3.69 Tiempo: 10
13:15:34.703 > Angle: -5.45 Tiempo: 10
13:15:34.717 > Angle: -7.03 Tiempo: 10
13:15:34.727 > Angle: -8.44 Tiempo: 10
13:15:34.736 > Angle: -9.84 Tiempo: 10
13:15:34.736 > Angle: -11.07 Tiempo: 10
13:15:34.753 > Angle: -12.22 Tiempo: 10
13:15:34.767 > Angle: -13.10 Tiempo: 10
13:15:34.775 > Angle: -13.97 Tiempo: 10
13:15:34.786 > Angle: -14.59 Tiempo: 10
13:15:34.797 > Angle: -15.03 Tiempo: 10
13:15:34.803 > Angle: -15.38 Tiempo: 10
13:15:34.817 > Angle: -15.47 Tiempo: 10
13:15:34.823 > Angle: -15.47 Tiempo: 10
13:15:34.836 > Angle: -15.21 Tiempo: 10
13:15:34.844 > Angle: -14.85 Tiempo: 10
13:15:34.853 > Angle: -14.24 Tiempo: 10
13:15:34.867 > Angle: -13.54 Tiempo: 10
13:15:34.877 > Angle: -12.74 Tiempo: 10
13:15:34.887 > Angle: -11.69 Tiempo: 10
13:15:34.887 > Angle: -10.55 Tiempo: 10
13:15:34.907 > Angle: -9.32 Tiempo: 10
13:15:34.917 > Angle: -8.00 Tiempo: 10
13:15:34.927 > Angle: -6.59 Tiempo: 10
13:15:34.936 > Angle: -5.10 Tiempo: 10
13:15:34.936 > Angle: -3.52 Tiempo: 10
13:15:34.953 > Angle: -1.93 Tiempo: 10
13:15:34.967 > Angle: -0.26 Tiempo: 10
13:15:34.975 > Angle: 1.32 Tiempo: 10
13:15:34.983 > Angle: 3.08 Tiempo: 10
13:15:34.997 > Angle: 4.75 Tiempo: 10
13:15:35.002 > Angle: 6.42 Tiempo: 10
13:15:35.017 > Angle: 8.09 Tiempo: 10
13:15:35.023 > Angle: 9.76 Tiempo: 10
13:15:35.036 > Angle: 11.25 Tiempo: 10
13:15:35.045 > Angle: 12.83 Tiempo: 10
13:15:35.053 > Angle: 14.33 Tiempo: 10
13:15:35.067 > Angle: 15.73 Tiempo: 10
13:15:35.070 > Angle: 17.05 Tiempo: 10
13:15:35.086 > Angle: 18.28 Tiempo: 10
13:15:35.086 > Angle: 19.34 Tiempo: 10
13:15:35.102 > Angle: 20.39 Tiempo: 10
13:15:35.117 > Angle: 21.27 Tiempo: 10
13:15:35.126 > Angle: 21.97 Tiempo: 10
13:15:35.136 > Angle: 22.59 Tiempo: 10
13:15:35.147 > Angle: 23.03 Tiempo: 10
13:15:35.153 > Angle: 23.38 Tiempo: 10
13:15:35.167 > Angle: 23.47 Tiempo: 10
13:15:35.173 > Angle: 23.55 Tiempo: 10
13:15:35.186 > Angle: 23.47 Tiempo: 10
13:15:35.194 > Angle: 23.12 Tiempo: 10
13:15:35.202 > Angle: 22.76 Tiempo: 10
13:15:35.217 > Angle: 22.24 Tiempo: 10
13:15:35.221 > Angle: 21.62 Tiempo: 10
13:15:35.236 > Angle: 20.74 Tiempo: 10
13:15:35.236 > Angle: 19.78 Tiempo: 10
13:15:35.252 > Angle: 18.81 Tiempo: 10
13:15:35.267 > Angle: 17.75 Tiempo: 10
13:15:35.276 > Angle: 16.52 Tiempo: 10
13:15:35.286 > Angle: 15.29 Tiempo: 10
13:15:35.297 > Angle: 13.97 Tiempo: 10
13:15:35.303 > Angle: 12.57 Tiempo: 10
13:15:35.317 > Angle: 11.16 Tiempo: 10
13:15:35.324 > Angle: 9.76 Tiempo: 10
13:15:35.336 > Angle: 8.26 Tiempo: 10
13:15:35.345 > Angle: 6.86 Tiempo: 10
13:15:35.353 > Angle: 5.36 Tiempo: 10
13:15:35.367 > Angle: 3.96 Tiempo: 10
13:15:35.377 > Angle: 2.46 Tiempo: 10
13:15:35.386 > Angle: 1.05 Tiempo: 10
13:15:35.386 > Angle: -0.35 Tiempo: 10
13:15:35.403 > Angle: -1.67 Tiempo: 10
13:15:35.417 > Angle: -2.90 Tiempo: 10
13:15:35.427 > Angle: -4.04 Tiempo: 10
13:15:35.437 > Angle: -5.10 Tiempo: 10
13:15:35.448 > Angle: -6.15 Tiempo: 10
13:15:35.453 > Angle: -7.03 Tiempo: 10
13:15:35.467 > Angle: -7.82 Tiempo: 10
13:15:35.474 > Angle: -8.53 Tiempo: 10
13:15:35.486 > Angle: -9.14 Tiempo: 10
13:15:35.496 > Angle: -9.58 Tiempo: 10
13:15:35.503 > Angle: -9.93 Tiempo: 10
13:15:35.517 > Angle: -10.11 Tiempo: 10
13:15:35.523 > Angle: -10.20 Tiempo: 10
13:15:35.536 > Angle: -10.11 Tiempo: 10
13:15:35.536 > Angle: -9.93 Tiempo: 10
13:15:35.556 > Angle: -9.67 Tiempo: 10
13:15:35.567 > Angle: -9.32 Tiempo: 10
13:15:35.576 > Angle: -8.79 Tiempo: 10
13:15:35.586 > Angle: -8.17 Tiempo: 10
13:15:35.597 > Angle: -7.38 Tiempo: 10
13:15:35.603 > Angle: -6.59 Tiempo: 10
13:15:35.617 > Angle: -5.71 Tiempo: 10
13:15:35.624 > Angle: -4.75 Tiempo: 10
13:15:35.636 > Angle: -3.69 Tiempo: 10
13:15:35.645 > Angle: -2.55 Tiempo: 10
13:15:35.653 > Angle: -1.41 Tiempo: 10
13:15:35.667 > Angle: -0.26 Tiempo: 10
13:15:35.671 > Angle: 0.97 Tiempo: 10
13:15:35.686 > Angle: 2.20 Tiempo: 10
13:15:35.686 > Angle: 3.43 Tiempo: 10
13:15:35.703 > Angle: 4.66 Tiempo: 10
13:15:35.717 > Angle: 5.89 Tiempo: 10
13:15:35.726 > Angle: 7.12 Tiempo: 10
13:15:35.736 > Angle: 8.26 Tiempo: 10
13:15:35.747 > Angle: 9.49 Tiempo: 10
13:15:35.753 > Angle: 10.63 Tiempo: 10
13:15:35.767 > Angle: 11.69 Tiempo: 10
13:15:35.774 > Angle: 12.74 Tiempo: 10
13:15:35.786 > Angle: 13.71 Tiempo: 10
13:15:35.795 > Angle: 14.59 Tiempo: 10
13:15:35.803 > Angle: 15.38 Tiempo: 10
13:15:35.817 > Angle: 16.08 Tiempo: 10
13:15:35.827 > Angle: 16.79 Tiempo: 10
13:15:35.836 > Angle: 17.23 Tiempo: 10
13:15:35.836 > Angle: 17.67 Tiempo: 10
13:15:35.853 > Angle: 18.02 Tiempo: 10
13:15:35.867 > Angle: 18.19 Tiempo: 10
13:15:35.877 > Angle: 18.37 Tiempo: 10
13:15:35.886 > Angle: 18.37 Tiempo: 10
13:15:35.886 > Angle: 18.28 Tiempo: 10
13:15:35.903 > Angle: 18.02 Tiempo: 10
13:15:35.917 > Angle: 17.75 Tiempo: 10
13:15:35.924 > Angle: 17.31 Tiempo: 10
13:15:35.936 > Angle: 16.87 Tiempo: 10
13:15:35.946 > Angle: 16.26 Tiempo: 10
13:15:35.953 > Angle: 15.64 Tiempo: 10
13:15:35.967 > Angle: 14.94 Tiempo: 10
13:15:35.972 > Angle: 14.06 Tiempo: 10
13:15:35.986 > Angle: 13.18 Tiempo: 10
13:15:35.993 > Angle: 12.30 Tiempo: 10
13:15:36.003 > Angle: 11.34 Tiempo: 10
13:15:36.017 > Angle: 10.37 Tiempo: 10
13:15:36.027 > Angle: 9.32 Tiempo: 10
13:15:36.036 > Angle: 8.26 Tiempo: 10
13:15:36.036 > Angle: 7.29 Tiempo: 10
13:15:36.053 > Angle: 6.15 Tiempo: 10
13:15:36.067 > Angle: 5.01 Tiempo: 10
13:15:36.075 > Angle: 4.04 Tiempo: 10
13:15:36.087 > Angle: 2.99 Tiempo: 10
13:15:36.097 > Angle: 2.02 Tiempo: 10
13:15:36.103 > Angle: 1.05 Tiempo: 10
13:15:36.117 > Angle: 0.09 Tiempo: 10
13:15:36.123 > Angle: -0.79 Tiempo: 10
13:15:36.136 > Angle: -1.58 Tiempo: 10
13:15:36.145 > Angle: -2.37 Tiempo: 10
13:15:36.153 > Angle: -3.08 Tiempo: 10
13:15:36.167 > Angle: -3.69 Tiempo: 10
13:15:36.178 > Angle: -4.31 Tiempo: 10
13:15:36.187 > Angle: -4.75 Tiempo: 10
13:15:36.187 > Angle: -5.19 Tiempo: 10
13:15:36.203 > Angle: -5.45 Tiempo: 10
13:15:36.217 > Angle: -5.71 Tiempo: 10
13:15:36.225 > Angle: -5.80 Tiempo: 10
13:15:36.237 > Angle: -5.89 Tiempo: 10
13:15:36.246 > Angle: -5.89 Tiempo: 10
13:15:36.253 > Angle: -5.71 Tiempo: 10
13:15:36.267 > Angle: -5.54 Tiempo: 10
13:15:36.273 > Angle: -5.19 Tiempo: 10
13:15:36.286 > Angle: -4.83 Tiempo: 10
13:15:36.294 > Angle: -4.39 Tiempo: 10
13:15:36.303 > Angle: -3.96 Tiempo: 10
13:15:36.317 > Angle: -3.34 Tiempo: 10
13:15:36.327 > Angle: -2.72 Tiempo: 10
13:15:36.336 > Angle: -2.02 Tiempo: 10
13:15:36.336 > Angle: -1.23 Tiempo: 10
13:15:36.353 > Angle: -0.53 Tiempo: 10
13:15:36.367 > Angle: 0.35 Tiempo: 10
13:15:36.375 > Angle: 1.14 Tiempo: 10
13:15:36.386 > Angle: 2.02 Tiempo: 10
13:15:36.397 > Angle: 2.90 Tiempo: 10
13:15:36.403 > Angle: 3.78 Tiempo: 10
13:15:36.417 > Angle: 4.66 Tiempo: 10
13:15:36.423 > Angle: 5.54 Tiempo: 10
13:15:36.436 > Angle: 6.42 Tiempo: 10
13:15:36.444 > Angle: 7.29 Tiempo: 10
13:15:36.453 > Angle: 8.09 Tiempo: 10
13:15:36.467 > Angle: 8.96 Tiempo: 10
13:15:36.477 > Angle: 9.67 Tiempo: 10
13:15:36.486 > Angle: 10.46 Tiempo: 10
13:15:36.486 > Angle: 11.07 Tiempo: 10
13:15:36.503 > Angle: 11.69 Tiempo: 10
13:15:36.517 > Angle: 12.30 Tiempo: 10
13:15:36.525 > Angle: 12.74 Tiempo: 10
13:15:36.536 > Angle: 13.18 Tiempo: 10
13:15:36.546 > Angle: 13.54 Tiempo: 10
13:15:36.554 > Angle: 13.80 Tiempo: 10
13:15:36.567 > Angle: 14.06 Tiempo: 10
13:15:36.578 > Angle: 14.24 Tiempo: 10
13:15:36.586 > Angle: 14.24 Tiempo: 10
13:15:36.586 > Angle: 14.24 Tiempo: 10
13:15:36.603 > Angle: 14.15 Tiempo: 10
13:15:36.617 > Angle: 14.06 Tiempo: 10
13:15:36.626 > Angle: 13.80 Tiempo: 10
13:15:36.637 > Angle: 13.54 Tiempo: 10
13:15:36.637 > Angle: 13.10 Tiempo: 10
13:15:36.653 > Angle: 12.74 Tiempo: 10
13:15:36.669 > Angle: 12.30 Tiempo: 10
13:15:36.680 > Angle: 11.78 Tiempo: 10
13:15:36.684 > Angle: 11.16 Tiempo: 10
13:15:36.696 > Angle: 10.55 Tiempo: 10
13:15:36.704 > Angle: 9.93 Tiempo: 10
13:15:36.717 > Angle: 9.23 Tiempo: 10
13:15:36.723 > Angle: 8.53 Tiempo: 10
13:15:36.738 > Angle: 7.82 Tiempo: 10
13:15:36.738 > Angle: 7.12 Tiempo: 10
13:15:36.754 > Angle: 6.33 Tiempo: 10
13:15:36.767 > Angle: 5.62 Tiempo: 10
13:15:36.776 > Angle: 4.92 Tiempo: 10
13:15:36.786 > Angle: 4.22 Tiempo: 10
13:15:36.786 > Angle: 3.52 Tiempo: 10
13:15:36.803 > Angle: 2.81 Tiempo: 10
13:15:36.817 > Angle: 2.11 Tiempo: 10
13:15:36.824 > Angle: 1.49 Tiempo: 10
13:15:36.837 > Angle: 0.88 Tiempo: 10
13:15:36.846 > Angle: 0.35 Tiempo: 10
13:15:36.854 > Angle: -0.18 Tiempo: 10
13:15:36.867 > Angle: -0.70 Tiempo: 10
13:15:36.872 > Angle: -1.05 Tiempo: 10
13:15:36.887 > Angle: -1.41 Tiempo: 10
13:15:36.887 > Angle: -1.76 Tiempo: 10
13:15:36.903 > Angle: -2.02 Tiempo: 10
13:15:36.917 > Angle: -2.20 Tiempo: 10
13:15:36.926 > Angle: -2.37 Tiempo: 10
13:15:36.937 > Angle: -2.37 Tiempo: 10
13:15:36.947 > Angle: -2.46 Tiempo: 10
13:15:36.953 > Angle: -2.37 Tiempo: 10
13:15:36.967 > Angle: -2.29 Tiempo: 10
13:15:36.974 > Angle: -2.11 Tiempo: 10
13:15:36.987 > Angle: -1.85 Tiempo: 10
13:15:36.995 > Angle: -1.58 Tiempo: 10
13:15:37.003 > Angle: -1.23 Tiempo: 10
13:15:37.017 > Angle: -0.88 Tiempo: 10
13:15:37.027 > Angle: -0.53 Tiempo: 10
13:15:37.037 > Angle: 0.00 Tiempo: 10
13:15:37.037 > Angle: 0.44 Tiempo: 10
13:15:37.053 > Angle: 0.97 Tiempo: 10
13:15:37.067 > Angle: 1.49 Tiempo: 10
13:15:37.075 > Angle: 2.02 Tiempo: 10
13:15:37.087 > Angle: 2.64 Tiempo: 10
13:15:37.097 > Angle: 3.25 Tiempo: 10
13:15:37.103 > Angle: 3.78 Tiempo: 10
13:15:37.117 > Angle: 4.39 Tiempo: 10
13:15:37.123 > Angle: 5.01 Tiempo: 10
13:15:37.137 > Angle: 5.62 Tiempo: 10
13:15:37.144 > Angle: 6.15 Tiempo: 10
13:15:37.153 > Angle: 6.77 Tiempo: 10
13:15:37.167 > Angle: 7.29 Tiempo: 10
13:15:37.170 > Angle: 7.82 Tiempo: 10
13:15:37.186 > Angle: 8.35 Tiempo: 10
13:15:37.186 > Angle: 8.79 Tiempo: 10
13:15:37.203 > Angle: 9.14 Tiempo: 10
13:15:37.218 > Angle: 9.58 Tiempo: 10
13:15:37.226 > Angle: 9.93 Tiempo: 10
13:15:37.237 > Angle: 10.20 Tiempo: 10
13:15:37.247 > Angle: 10.46 Tiempo: 10
13:15:37.253 > Angle: 10.63 Tiempo: 10
13:15:37.267 > Angle: 10.81 Tiempo: 10
13:15:37.273 > Angle: 10.90 Tiempo: 10
13:15:37.286 > Angle: 10.99 Tiempo: 10
13:15:37.286 > Angle: 10.99 Tiempo: 10
13:15:37.303 > Angle: 10.90 Tiempo: 10
13:15:37.317 > Angle: 10.81 Tiempo: 10
13:15:37.327 > Angle: 10.72 Tiempo: 10
13:15:37.337 > Angle: 10.46 Tiempo: 10
13:15:37.337 > Angle: 10.28 Tiempo: 10
13:15:37.353 > Angle: 10.02 Tiempo: 10
13:15:37.367 > Angle: 9.76 Tiempo: 10
13:15:37.375 > Angle: 9.40 Tiempo: 10
13:15:37.387 > Angle: 9.05 Tiempo: 10
13:15:37.396 > Angle: 8.61 Tiempo: 10
13:15:37.404 > Angle: 8.26 Tiempo: 10
13:15:37.417 > Angle: 7.82 Tiempo: 10
13:15:37.422 > Angle: 7.38 Tiempo: 10
13:15:37.437 > Angle: 6.94 Tiempo: 10
13:15:37.437 > Angle: 6.42 Tiempo: 10
13:15:37.453 > Angle: 5.98 Tiempo: 10
13:15:37.467 > Angle: 5.45 Tiempo: 10
13:15:37.476 > Angle: 5.01 Tiempo: 10
13:15:37.487 > Angle: 4.57 Tiempo: 10
13:15:37.498 > Angle: 4.04 Tiempo: 10
13:15:37.503 > Angle: 3.60 Tiempo: 10
13:15:37.517 > Angle: 3.16 Tiempo: 10
13:15:37.524 > Angle: 2.81 Tiempo: 10
13:15:37.537 > Angle: 2.46 Tiempo: 10
13:15:37.546 > Angle: 2.02 Tiempo: 10
13:15:37.553 > Angle: 1.67 Tiempo: 10
13:15:37.567 > Angle: 1.41 Tiempo: 10
13:15:37.572 > Angle: 1.14 Tiempo: 10
13:15:37.587 > Angle: 0.88 Tiempo: 10
13:15:37.587 > Angle: 0.70 Tiempo: 10
13:15:37.603 > Angle: 0.53 Tiempo: 10
13:15:37.617 > Angle: 0.44 Tiempo: 10
13:15:37.627 > Angle: 0.35 Tiempo: 10
13:15:37.637 > Angle: 0.26 Tiempo: 10
13:15:37.648 > Angle: 0.35 Tiempo: 10
13:15:37.653 > Angle: 0.35 Tiempo: 10
13:15:37.667 > Angle: 0.44 Tiempo: 10
13:15:37.674 > Angle: 0.53 Tiempo: 10
13:15:37.687 > Angle: 0.70 Tiempo: 10
13:15:37.696 > Angle: 0.88 Tiempo: 10
13:15:37.703 > Angle: 1.14 Tiempo: 10
13:15:37.717 > Angle: 1.32 Tiempo: 10
13:15:37.728 > Angle: 1.58 Tiempo: 10
13:15:37.737 > Angle: 1.85 Tiempo: 10
13:15:37.737 > Angle: 2.20 Tiempo: 10
13:15:37.754 > Angle: 2.46 Tiempo: 10
13:15:37.767 > Angle: 2.81 Tiempo: 10
13:15:37.777 > Angle: 3.16 Tiempo: 10
13:15:37.786 > Angle: 3.60 Tiempo: 10
13:15:37.786 > Angle: 3.96 Tiempo: 10
13:15:37.803 > Angle: 4.31 Tiempo: 10
13:15:37.817 > Angle: 4.66 Tiempo: 10
13:15:37.825 > Angle: 5.01 Tiempo: 10
13:15:37.837 > Angle: 5.45 Tiempo: 10
13:15:37.846 > Angle: 5.80 Tiempo: 10
13:15:37.854 > Angle: 6.15 Tiempo: 10
13:15:37.867 > Angle: 6.42 Tiempo: 10
13:15:37.873 > Angle: 6.77 Tiempo: 10
13:15:37.887 > Angle: 7.03 Tiempo: 10
13:15:37.887 > Angle: 7.29 Tiempo: 10
13:15:37.904 > Angle: 7.56 Tiempo: 10
13:15:37.917 > Angle: 7.73 Tiempo: 10
13:15:37.927 > Angle: 8.00 Tiempo: 10
13:15:37.937 > Angle: 8.09 Tiempo: 10
13:15:37.937 > Angle: 8.26 Tiempo: 10
13:15:37.954 > Angle: 8.35 Tiempo: 10
13:15:37.967 > Angle: 8.44 Tiempo: 10
13:15:37.974 > Angle: 8.44 Tiempo: 10
13:15:37.987 > Angle: 8.53 Tiempo: 10
13:15:37.996 > Angle: 8.44 Tiempo: 10
13:15:38.004 > Angle: 8.44 Tiempo: 10
13:15:38.017 > Angle: 8.35 Tiempo: 10
13:15:38.022 > Angle: 8.26 Tiempo: 10
13:15:38.037 > Angle: 8.09 Tiempo: 10
13:15:38.037 > Angle: 7.91 Tiempo: 10
13:15:38.054 > Angle: 7.82 Tiempo: 10
13:15:38.067 > Angle: 7.56 Tiempo: 10
13:15:38.076 > Angle: 7.38 Tiempo: 10
13:15:38.087 > Angle: 7.12 Tiempo: 10
13:15:38.087 > Angle: 6.86 Tiempo: 10
13:15:38.103 > Angle: 6.68 Tiempo: 10
13:15:38.117 > Angle: 6.33 Tiempo: 10
13:15:38.124 > Angle: 6.15 Tiempo: 10
13:15:38.137 > Angle: 5.80 Tiempo: 10
13:15:38.145 > Angle: 5.54 Tiempo: 10
13:15:38.154 > Angle: 5.27 Tiempo: 10
13:15:38.168 > Angle: 4.92 Tiempo: 10
13:15:38.170 > Angle: 4.66 Tiempo: 10
13:15:38.187 > Angle: 4.39 Tiempo: 10
13:15:38.187 > Angle: 4.22 Tiempo: 10
13:15:38.203 > Angle: 3.87 Tiempo: 10
13:15:38.217 > Angle: 3.69 Tiempo: 10
13:15:38.225 > Angle: 3.43 Tiempo: 10
13:15:38.237 > Angle: 3.25 Tiempo: 10
13:15:38.247 > Angle: 3.08 Tiempo: 10
13:15:38.253 > Angle: 2.90 Tiempo: 10
13:15:38.267 > Angle: 2.72 Tiempo: 10
13:15:38.273 > Angle: 2.55 Tiempo: 10
13:15:38.287 > Angle: 2.46 Tiempo: 10
13:15:38.294 > Angle: 2.37 Tiempo: 10
13:15:38.303 > Angle: 2.37 Tiempo: 10
13:15:38.317 > Angle: 2.29 Tiempo: 10
13:15:38.328 > Angle: 2.29 Tiempo: 10
13:15:38.337 > Angle: 2.29 Tiempo: 10
13:15:38.337 > Angle: 2.29 Tiempo: 10
13:15:38.353 > Angle: 2.37 Tiempo: 10
13:15:38.367 > Angle: 2.46 Tiempo: 10
13:15:38.376 > Angle: 2.55 Tiempo: 10
13:15:38.387 > Angle: 2.64 Tiempo: 10
13:15:38.397 > Angle: 2.81 Tiempo: 10
13:15:38.403 > Angle: 2.90 Tiempo: 10
13:15:38.418 > Angle: 3.08 Tiempo: 10
13:15:38.423 > Angle: 3.25 Tiempo: 10
13:15:38.437 > Angle: 3.43 Tiempo: 10
13:15:38.437 > Angle: 3.60 Tiempo: 10
13:15:38.453 > Angle: 3.78 Tiempo: 10
13:15:38.467 > Angle: 3.96 Tiempo: 10
13:15:38.477 > Angle: 4.22 Tiempo: 10
13:15:38.487 > Angle: 4.39 Tiempo: 10
13:15:38.487 > Angle: 4.66 Tiempo: 10
13:15:38.503 > Angle: 4.83 Tiempo: 10
13:15:38.517 > Angle: 5.01 Tiempo: 10
13:15:38.525 > Angle: 5.19 Tiempo: 10
13:15:38.537 > Angle: 5.36 Tiempo: 10
13:15:38.546 > Angle: 5.54 Tiempo: 10
13:15:38.553 > Angle: 5.71 Tiempo: 10
13:15:38.567 > Angle: 5.89 Tiempo: 10
13:15:38.573 > Angle: 6.06 Tiempo: 10
13:15:38.587 > Angle: 6.15 Tiempo: 10
13:15:38.587 > Angle: 6.24 Tiempo: 10
13:15:38.603 > Angle: 6.42 Tiempo: 10
13:15:38.617 > Angle: 6.50 Tiempo: 10
13:15:38.626 > Angle: 6.59 Tiempo: 10
13:15:38.636 > Angle: 6.59 Tiempo: 10
13:15:38.648 > Angle: 6.68 Tiempo: 10
13:15:38.653 > Angle: 6.68 Tiempo: 10
13:15:38.667 > Angle: 6.68 Tiempo: 10
13:15:38.674 > Angle: 6.59 Tiempo: 10
13:15:38.687 > Angle: 6.59 Tiempo: 10
13:15:38.696 > Angle: 6.59 Tiempo: 10
13:15:38.704 > Angle: 6.50 Tiempo: 10
13:15:38.717 > Angle: 6.42 Tiempo: 10
13:15:38.723 > Angle: 6.33 Tiempo: 10
13:15:38.737 > Angle: 6.24 Tiempo: 10
13:15:38.737 > Angle: 6.15 Tiempo: 10
13:15:38.753 > Angle: 6.06 Tiempo: 10
13:15:38.767 > Angle: 5.89 Tiempo: 10
13:15:38.777 > Angle: 5.71 Tiempo: 10
13:15:38.787 > Angle: 5.62 Tiempo: 10
13:15:38.798 > Angle: 5.45 Tiempo: 10
13:15:38.803 > Angle: 5.36 Tiempo: 10
13:15:38.817 > Angle: 5.19 Tiempo: 10
13:15:38.824 > Angle: 5.10 Tiempo: 10
13:15:38.837 > Angle: 4.92 Tiempo: 10
13:15:38.846 > Angle: 4.83 Tiempo: 10
13:15:38.853 > Angle: 4.66 Tiempo: 10
13:15:38.867 > Angle: 4.57 Tiempo: 10
13:15:38.872 > Angle: 4.39 Tiempo: 10
13:15:38.887 > Angle: 4.31 Tiempo: 10
13:15:38.887 > Angle: 4.22 Tiempo: 10
13:15:38.903 > Angle: 4.04 Tiempo: 10
13:15:38.917 > Angle: 3.96 Tiempo: 10
13:15:38.926 > Angle: 3.87 Tiempo: 10
13:15:38.937 > Angle: 3.87 Tiempo: 10
13:15:38.947 > Angle: 3.78 Tiempo: 10
13:15:38.954 > Angle: 3.69 Tiempo: 10
13:15:38.967 > Angle: 3.69 Tiempo: 10
13:15:38.973 > Angle: 3.69 Tiempo: 10
13:15:38.987 > Angle: 3.69 Tiempo: 10
13:15:38.995 > Angle: 3.69 Tiempo: 10
13:15:39.003 > Angle: 3.69 Tiempo: 10
13:15:39.018 > Angle: 3.69 Tiempo: 10
13:15:39.020 > Angle: 3.69 Tiempo: 10
13:15:39.037 > Angle: 3.78 Tiempo: 10
13:15:39.037 > Angle: 3.78 Tiempo: 10
13:15:39.053 > Angle: 3.87 Tiempo: 10
13:15:39.067 > Angle: 3.96 Tiempo: 10
13:15:39.075 > Angle: 4.04 Tiempo: 10
13:15:39.087 > Angle: 4.04 Tiempo: 10
13:15:39.097 > Angle: 4.13 Tiempo: 10
13:15:39.103 > Angle: 4.22 Tiempo: 10
13:15:39.117 > Angle: 4.31 Tiempo: 10
13:15:39.123 > Angle: 4.39 Tiempo: 10
13:15:39.137 > Angle: 4.48 Tiempo: 10
13:15:39.145 > Angle: 4.57 Tiempo: 10
13:15:39.153 > Angle: 4.66 Tiempo: 10
13:15:39.168 > Angle: 4.75 Tiempo: 10
13:15:39.178 > Angle: 4.83 Tiempo: 10
13:15:39.187 > Angle: 4.92 Tiempo: 10
13:15:39.187 > Angle: 5.01 Tiempo: 10
13:15:39.203 > Angle: 5.01 Tiempo: 10
13:15:39.217 > Angle: 5.10 Tiempo: 10
13:15:39.225 > Angle: 5.19 Tiempo: 10
13:15:39.237 > Angle: 5.27 Tiempo: 10
13:15:39.247 > Angle: 5.27 Tiempo: 10
13:15:39.253 > Angle: 5.36 Tiempo: 10
13:15:39.267 > Angle: 5.36 Tiempo: 10
13:15:39.273 > Angle: 5.45 Tiempo: 10
13:15:39.287 > Angle: 5.45 Tiempo: 10
13:15:39.287 > Angle: 5.45 Tiempo: 10
13:15:39.304 > Angle: 5.45 Tiempo: 10
13:15:39.317 > Angle: 5.45 Tiempo: 10
13:15:39.327 > Angle: 5.45 Tiempo: 10
13:15:39.337 > Angle: 5.45 Tiempo: 10
13:15:39.337 > Angle: 5.45 Tiempo: 10
13:15:39.353 > Angle: 5.36 Tiempo: 10
13:15:39.367 > Angle: 5.36 Tiempo: 10
13:15:39.376 > Angle: 5.36 Tiempo: 10
13:15:39.387 > Angle: 5.27 Tiempo: 10
13:15:39.397 > Angle: 5.27 Tiempo: 10
13:15:39.404 > Angle: 5.19 Tiempo: 10
13:15:39.417 > Angle: 5.19 Tiempo: 10
13:15:39.423 > Angle: 5.10 Tiempo: 10
13:15:39.437 > Angle: 5.01 Tiempo: 10
13:15:39.445 > Angle: 5.01 Tiempo: 10
13:15:39.454 > Angle: 4.92 Tiempo: 10
13:15:39.467 > Angle: 4.92 Tiempo: 10
13:15:39.470 > Angle: 4.92 Tiempo: 10
13:15:39.487 > Angle: 4.83 Tiempo: 10
13:15:39.487 > Angle: 4.83 Tiempo: 10
13:15:39.504 > Angle: 4.75 Tiempo: 10
13:15:39.517 > Angle: 4.66 Tiempo: 10
13:15:39.526 > Angle: 4.66 Tiempo: 10
13:15:39.537 > Angle: 4.66 Tiempo: 10
13:15:39.547 > Angle: 4.57 Tiempo: 10
13:15:39.554 > Angle: 4.57 Tiempo: 10
13:15:39.567 > Angle: 4.48 Tiempo: 10
13:15:39.573 > Angle: 4.48 Tiempo: 10
13:15:39.587 > Angle: 4.48 Tiempo: 10
13:15:39.589 > Angle: 4.48 Tiempo: 10
13:15:39.604 > Angle: 4.48 Tiempo: 10
13:15:39.617 > Angle: 4.48 Tiempo: 10
13:15:39.628 > Angle: 4.48 Tiempo: 10
13:15:39.637 > Angle: 4.48 Tiempo: 10
13:15:39.637 > Angle: 4.48 Tiempo: 10
13:15:39.653 > Angle: 4.48 Tiempo: 10
13:15:39.667 > Angle: 4.48 Tiempo: 10
13:15:39.676 > Angle: 4.48 Tiempo: 10
13:15:39.687 > Angle: 4.48 Tiempo: 10
13:15:39.697 > Angle: 4.57 Tiempo: 10
13:15:39.703 > Angle: 4.57 Tiempo: 10
13:15:39.717 > Angle: 4.57 Tiempo: 10
13:15:39.723 > Angle: 4.57 Tiempo: 10
13:15:39.737 > Angle: 4.66 Tiempo: 10
13:15:39.745 > Angle: 4.66 Tiempo: 10
13:15:39.754 > Angle: 4.66 Tiempo: 10
13:15:39.768 > Angle: 4.66 Tiempo: 10
13:15:39.778 > Angle: 4.75 Tiempo: 10
13:15:39.787 > Angle: 4.75 Tiempo: 10
13:15:39.787 > Angle: 4.75 Tiempo: 10
13:15:39.803 > Angle: 4.75 Tiempo: 10
13:15:39.817 > Angle: 4.83 Tiempo: 10
13:15:39.826 > Angle: 4.83 Tiempo: 10
13:15:39.837 > Angle: 4.83 Tiempo: 10
13:15:39.847 > Angle: 4.83 Tiempo: 10
13:15:39.854 > Angle: 4.83 Tiempo: 10
13:15:39.867 > Angle: 4.83 Tiempo: 10
13:15:39.873 > Angle: 4.92 Tiempo: 10
13:15:39.887 > Angle: 4.92 Tiempo: 10
13:15:39.887 > Angle: 4.92 Tiempo: 10
13:15:39.904 > Angle: 4.92 Tiempo: 10
13:15:39.917 > Angle: 4.92 Tiempo: 10
13:15:39.927 > Angle: 4.92 Tiempo: 10
13:15:39.937 > Angle: 4.92 Tiempo: 10
13:15:39.948 > Angle: 4.83 Tiempo: 10
13:15:39.954 > Angle: 4.83 Tiempo: 10
13:15:39.967 > Angle: 4.83 Tiempo: 10
13:15:39.975 > Angle: 4.83 Tiempo: 10
13:15:39.987 > Angle: 4.83 Tiempo: 10
13:15:39.996 > Angle: 4.83 Tiempo: 10
13:15:40.004 > Angle: 4.83 Tiempo: 10
13:15:40.017 > Angle: 4.83 Tiempo: 10
13:15:40.023 > Angle: 4.75 Tiempo: 10
13:15:40.037 > Angle: 4.75 Tiempo: 10
13:15:40.037 > Angle: 4.75 Tiempo: 10
13:15:40.054 > Angle: 4.75 Tiempo: 10
13:15:40.067 > Angle: 4.75 Tiempo: 10
13:15:40.077 > Angle: 4.75 Tiempo: 10
13:15:40.087 > Angle: 4.75 Tiempo: 10
13:15:40.087 > Angle: 4.75 Tiempo: 10
13:15:40.103 > Angle: 4.75 Tiempo: 10
13:15:40.117 > Angle: 4.66 Tiempo: 10
13:15:40.125 > Angle: 4.66 Tiempo: 10
13:15:40.137 > Angle: 4.66 Tiempo: 10
13:15:40.147 > Angle: 4.66 Tiempo: 10
13:15:40.154 > Angle: 4.66 Tiempo: 10
13:15:40.167 > Angle: 4.66 Tiempo: 10
13:15:40.173 > Angle: 4.66 Tiempo: 10
13:15:40.187 > Angle: 4.66 Tiempo: 10
13:15:40.187 > Angle: 4.75 Tiempo: 10
13:15:40.204 > Angle: 4.75 Tiempo: 10
13:15:40.217 > Angle: 4.75 Tiempo: 10
13:15:40.227 > Angle: 4.75 Tiempo: 10
13:15:40.237 > Angle: 4.75 Tiempo: 10
13:15:40.237 > Angle: 4.75 Tiempo: 10
13:15:40.253 > Angle: 4.75 Tiempo: 10
13:15:40.268 > Angle: 4.75 Tiempo: 10
13:15:40.275 > Angle: 4.75 Tiempo: 10
13:15:40.287 > Angle: 4.75 Tiempo: 10
13:15:40.296 > Angle: 4.75 Tiempo: 10
13:15:40.304 > Angle: 4.75 Tiempo: 10
13:15:40.317 > Angle: 4.75 Tiempo: 10
13:15:40.323 > Angle: 4.75 Tiempo: 10
13:15:40.337 > Angle: 4.75 Tiempo: 10
13:15:40.337 > Angle: 4.75 Tiempo: 10
13:15:40.354 > Angle: 4.75 Tiempo: 10
13:15:40.367 > Angle: 4.75 Tiempo: 10
13:15:40.377 > Angle: 4.75 Tiempo: 10
13:15:40.387 > Angle: 4.75 Tiempo: 10
13:15:40.387 > Angle: 4.75 Tiempo: 10
13:15:40.404 > Angle: 4.75 Tiempo: 10
13:15:40.417 > Angle: 4.75 Tiempo: 10
13:15:40.425 > Angle: 4.75 Tiempo: 10
13:15:40.437 > Angle: 4.75 Tiempo: 10
13:15:40.447 > Angle: 4.75 Tiempo: 10
13:15:40.454 > Angle: 4.75 Tiempo: 10
13:15:40.467 > Angle: 4.75 Tiempo: 10
13:15:40.478 > Angle: 4.75 Tiempo: 10
13:15:40.487 > Angle: 4.75 Tiempo: 10
13:15:40.487 > Angle: 4.75 Tiempo: 10
13:15:40.504 > Angle: 4.75 Tiempo: 10
13:15:40.517 > Angle: 4.75 Tiempo: 10
13:15:40.527 > Angle: 4.75 Tiempo: 10
13:15:40.537 > Angle: 4.75 Tiempo: 10
13:15:40.537 > Angle: 4.75 Tiempo: 10
13:15:40.553 > Angle: 4.75 Tiempo: 10
13:15:40.567 > Angle: 4.75 Tiempo: 10
13:15:40.575 > Angle: 4.75 Tiempo: 10
13:15:40.587 > Angle: 4.75 Tiempo: 10
13:15:40.597 > Angle: 4.75 Tiempo: 10
13:15:40.604 > Angle: 4.75 Tiempo: 10
13:15:40.617 > Angle: 4.75 Tiempo: 10
13:15:40.623 > Angle: 4.75 Tiempo: 10
13:15:40.637 > Angle: 4.75 Tiempo: 10
13:15:40.645 > Angle: 4.75 Tiempo: 10
13:15:40.654 > Angle: 4.75 Tiempo: 10
13:15:40.667 > Angle: 4.75 Tiempo: 10
13:15:40.670 > Angle: 4.75 Tiempo: 10
13:15:40.687 > Angle: 4.75 Tiempo: 10
13:15:40.687 > Angle: 4.75 Tiempo: 10
13:15:40.704 > Angle: 4.75 Tiempo: 10
13:15:40.717 > Angle: 4.75 Tiempo: 10
13:15:40.725 > Angle: 4.75 Tiempo: 10
13:15:40.737 > Angle: 4.75 Tiempo: 10
13:15:40.747 > Angle: 4.75 Tiempo: 10
13:15:40.754 > Angle: 4.75 Tiempo: 10
13:15:40.767 > Angle: 4.75 Tiempo: 10
13:15:40.774 > Angle: 4.75 Tiempo: 10
13:15:40.787 > Angle: 4.75 Tiempo: 10
13:15:40.795 > Angle: 4.75 Tiempo: 10
13:15:40.803 > Angle: 4.75 Tiempo: 10
13:15:40.817 > Angle: 4.75 Tiempo: 10
13:15:40.822 > Angle: 4.75 Tiempo: 10
13:15:40.837 > Angle: 4.75 Tiempo: 10
13:15:40.837 > Angle: 4.75 Tiempo: 10
13:15:40.853 > Angle: 4.75 Tiempo: 10
13:15:40.867 > Angle: 4.75 Tiempo: 10
13:15:40.876 > Angle: 4.75 Tiempo: 10
13:15:40.887 > Angle: 4.75 Tiempo: 10
13:15:40.898 > Angle: 4.75 Tiempo: 10
13:15:40.903 > Angle: 4.75 Tiempo: 10
13:15:40.917 > Angle: 4.75 Tiempo: 10
13:15:40.924 > Angle: 4.75 Tiempo: 10
13:15:40.937 > Angle: 4.75 Tiempo: 10
13:15:40.946 > Angle: 4.75 Tiempo: 10
13:15:40.953 > Angle: 4.75 Tiempo: 10
13:15:40.967 > Angle: 4.75 Tiempo: 10
13:15:40.977 > Angle: 4.75 Tiempo: 10
13:15:40.987 > Angle: 4.75 Tiempo: 10
13:15:40.987 > Angle: 4.75 Tiempo: 10
13:15:41.003 > Angle: 4.75 Tiempo: 10
13:15:41.017 > Angle: 4.75 Tiempo: 10
13:15:41.027 > Angle: 4.75 Tiempo: 10
13:15:41.037 > Angle: 4.75 Tiempo: 10
13:15:41.043 > Angle: 4.75 Tiempo: 10
13:15:41.053 > Angle: 4.75 Tiempo: 10
13:15:41.067 > Angle: 4.75 Tiempo: 10
13:15:41.070 > Angle: 4.75 Tiempo: 10
13:15:41.087 > Angle: 4.75 Tiempo: 10
13:15:41.097 > Angle: 4.75 Tiempo: 10
13:15:41.103 > Angle: 4.75 Tiempo: 10
13:15:41.117 > Angle: 4.75 Tiempo: 10
13:15:41.124 > Angle: 4.75 Tiempo: 10
13:15:41.137 > Angle: 4.75 Tiempo: 10
13:15:41.137 > Angle: 4.75 Tiempo: 10
13:15:41.153 > Angle: 4.75 Tiempo: 10
13:15:41.167 > Angle: 4.75 Tiempo: 10
13:15:41.176 > Angle: 4.75 Tiempo: 10
13:15:41.186 > Angle: 4.75 Tiempo: 10
13:15:41.198 > Angle: 4.75 Tiempo: 10
13:15:41.206 > Angle: 4.75 Tiempo: 10
13:15:41.218 > Angle: 4.75 Tiempo: 10
13:15:41.222 > Angle: 4.75 Tiempo: 10
13:15:41.237 > Angle: 4.75 Tiempo: 10
13:15:41.243 > Angle: 4.75 Tiempo: 10
13:15:41.255 > Angle: 4.75 Tiempo: 10
13:15:41.267 > Angle: 4.75 Tiempo: 10
13:15:41.277 > Angle: 4.75 Tiempo: 10
13:15:41.284 > Angle: 4.75 Tiempo: 10
13:15:41.291 > Angle: 4.75 Tiempo: 10
13:15:41.307 > Angle: 4.75 Tiempo: 10
13:15:41.315 > Angle: 4.75 Tiempo: 10
13:15:41.324 > Angle: 4.75 Tiempo: 10
13:15:41.334 > Angle: 4.75 Tiempo: 10
13:15:41.339 > Angle: 4.75 Tiempo: 10
13:15:41.355 > Angle: 4.75 Tiempo: 10
13:15:41.359 > Angle: 4.75 Tiempo: 10
13:15:41.372 > Angle: 4.75 Tiempo: 10
13:15:41.387 > Angle: 4.75 Tiempo: 10
13:15:41.387 > Angle: 4.75 Tiempo: 10
13:15:41.403 > Angle: 4.75 Tiempo: 10
13:15:41.409 > Angle: 4.75 Tiempo: 10
13:15:41.419 > Angle: 4.75 Tiempo: 10
13:15:41.435 > Angle: 4.75 Tiempo: 10
13:15:41.435 > Angle: 4.75 Tiempo: 10
13:15:41.451 > Angle: 4.75 Tiempo: 10
13:15:41.467 > Angle: 4.75 Tiempo: 10
13:15:41.477 > Angle: 4.75 Tiempo: 10
13:15:41.482 > Angle: 4.75 Tiempo: 10
13:15:41.498 > Angle: 4.75 Tiempo: 10
13:15:41.498 > Angle: 4.75 Tiempo: 10
13:15:41.514 > Angle: 4.75 Tiempo: 10
13:15:41.526 > Angle: 4.75 Tiempo: 10
13:15:41.535 > Angle: 4.75 Tiempo: 10
13:15:41.547 > Angle: 4.75 Tiempo: 10
13:15:41.555 > Angle: 4.75 Tiempo: 10
13:15:41.566 > Angle: 4.75 Tiempo: 10
13:15:41.577 > Angle: 4.75 Tiempo: 10
13:15:41.584 > Angle: 4.75 Tiempo: 10
13:15:41.590 > Angle: 4.75 Tiempo: 10
13:15:41.606 > Angle: 4.75 Tiempo: 10
13:15:41.617 > Angle: 4.75 Tiempo: 10
13:15:41.626 > Angle: 4.75 Tiempo: 10
13:15:41.634 > Angle: 4.75 Tiempo: 10
13:15:41.648 > Angle: 4.75 Tiempo: 10
13:15:41.656 > Angle: 4.75 Tiempo: 10
13:15:41.667 > Angle: 4.75 Tiempo: 10
13:15:41.671 > Angle: 4.75 Tiempo: 10
13:15:41.686 > Angle: 4.75 Tiempo: 10
13:15:41.686 > Angle: 4.75 Tiempo: 10
13:15:41.705 > Angle: 4.75 Tiempo: 10
13:15:41.718 > Angle: 4.75 Tiempo: 10
13:15:41.725 > Angle: 4.75 Tiempo: 10
13:15:41.734 > Angle: 4.75 Tiempo: 10
13:15:41.747 > Angle: 4.75 Tiempo: 10
13:15:41.758 > Angle: 4.75 Tiempo: 10
13:15:41.766 > Angle: 4.75 Tiempo: 10
13:15:41.777 > Angle: 4.75 Tiempo: 10
13:15:41.784 > Angle: 4.75 Tiempo: 10
13:15:41.784 > Angle: 4.75 Tiempo: 10
13:15:41.798 > Angle: 4.75 Tiempo: 10
13:15:41.815 > Angle: 4.75 Tiempo: 10
13:15:41.825 > Angle: 4.75 Tiempo: 10
13:15:41.830 > Angle: 4.75 Tiempo: 10
13:15:41.846 > Angle: 4.75 Tiempo: 10
13:15:41.851 > Angle: 4.75 Tiempo: 10
13:15:41.862 > Angle: 4.75 Tiempo: 10
13:15:41.878 > Angle: 4.75 Tiempo: 10
13:15:41.887 > Angle: 4.75 Tiempo: 10
13:15:41.895 > Angle: 4.75 Tiempo: 10
13:15:41.902 > Angle: 4.75 Tiempo: 10
13:15:41.918 > Angle: 4.75 Tiempo: 10
13:15:41.927 > Angle: 4.75 Tiempo: 10
13:15:41.935 > Angle: 4.75 Tiempo: 10
13:15:41.947 > Angle: 4.75 Tiempo: 10
13:15:41.956 > Angle: 4.75 Tiempo: 10
13:15:41.967 > Angle: 4.75 Tiempo: 10
13:15:41.978 > Angle: 4.75 Tiempo: 10
13:15:41.985 > Angle: 4.75 Tiempo: 10
13:15:41.990 > Angle: 4.75 Tiempo: 10
13:15:42.006 > Angle: 4.75 Tiempo: 10
13:15:42.018 > Angle: 4.75 Tiempo: 10
13:15:42.025 > Angle: 4.75 Tiempo: 10
13:15:42.037 > Angle: 4.75 Tiempo: 10
13:15:42.046 > Angle: 4.75 Tiempo: 10
13:15:42.054 > Angle: 4.75 Tiempo: 10
13:15:42.068 > Angle: 4.75 Tiempo: 10
13:15:42.073 > Angle: 4.75 Tiempo: 10
13:15:42.088 > Angle: 4.75 Tiempo: 10
13:15:42.094 > Angle: 4.75 Tiempo: 10
13:15:42.102 > Angle: 4.75 Tiempo: 10
13:15:42.118 > Angle: 4.75 Tiempo: 10
13:15:42.128 > Angle: 4.75 Tiempo: 10
13:15:42.135 > Angle: 4.75 Tiempo: 10
13:15:42.148 > Angle: 4.75 Tiempo: 10
13:15:42.155 > Angle: 4.75 Tiempo: 10
13:15:42.168 > Angle: 4.75 Tiempo: 10
13:15:42.177 > Angle: 4.75 Tiempo: 10
13:15:42.188 > Angle: 4.75 Tiempo: 10
13:15:42.191 > Angle: 4.75 Tiempo: 10
13:15:42.206 > Angle: 4.75 Tiempo: 10
13:15:42.218 > Angle: 4.75 Tiempo: 10
13:15:42.224 > Angle: 4.75 Tiempo: 10
13:15:42.238 > Angle: 4.75 Tiempo: 10
13:15:42.247 > Angle: 4.75 Tiempo: 10
13:15:42.258 > Angle: 4.75 Tiempo: 10
13:15:42.268 > Angle: 4.75 Tiempo: 10
13:15:42.274 > Angle: 4.75 Tiempo: 10
13:15:42.288 > Angle: 4.75 Tiempo: 10
13:15:42.293 > Angle: 4.75 Tiempo: 10
13:15:42.301 > Angle: 4.75 Tiempo: 10
13:15:42.317 > Angle: 4.75 Tiempo: 10
13:15:42.327 > Angle: 4.75 Tiempo: 10
13:15:42.332 > Angle: 4.75 Tiempo: 10
13:15:42.332 > Angle: 4.75 Tiempo: 10
13:15:42.352 > Angle: 4.75 Tiempo: 10
13:15:42.364 > Angle: 4.75 Tiempo: 10
13:15:42.374 > Angle: 4.75 Tiempo: 10
13:15:42.379 > Angle: 4.75 Tiempo: 10
13:15:42.395 > Angle: 4.75 Tiempo: 10
13:15:42.395 > Angle: 4.75 Tiempo: 10
13:15:42.411 > Angle: 4.75 Tiempo: 10
13:15:42.427 > Angle: 4.75 Tiempo: 10
13:15:42.427 > Angle: 4.75 Tiempo: 10
13:15:42.443 > Angle: 4.75 Tiempo: 10
13:15:42.452 > Angle: 4.75 Tiempo: 10
13:15:42.460 > Angle: 4.75 Tiempo: 10
13:15:42.475 > Angle: 4.75 Tiempo: 10
13:15:42.485 > Angle: 4.75 Tiempo: 10
13:15:42.491 > Angle: 4.75 Tiempo: 10
13:15:42.506 > Angle: 4.75 Tiempo: 10
13:15:42.510 > Angle: 4.66 Tiempo: 10
13:15:42.523 > Angle: 4.66 Tiempo: 10
13:15:42.533 > Angle: 4.66 Tiempo: 10
13:15:42.538 > Angle: 4.66 Tiempo: 10
13:15:42.554 > Angle: 4.66 Tiempo: 10
13:15:42.559 > Angle: 4.66 Tiempo: 10
13:15:42.571 > Angle: 4.66 Tiempo: 10
13:15:42.586 > Angle: 4.66 Tiempo: 10
13:15:42.586 > Angle: 4.57 Tiempo: 10
13:15:42.602 > Angle: 4.57 Tiempo: 10
13:15:42.609 > Angle: 4.57 Tiempo: 10
13:15:42.628 > Angle: 4.57 Tiempo: 10
13:15:42.634 > Angle: 4.57 Tiempo: 10
13:15:42.634 > Angle: 4.57 Tiempo: 10
13:15:42.653 > Angle: 4.57 Tiempo: 10
13:15:42.665 > Angle: 4.57 Tiempo: 10
13:15:42.675 > Angle: 4.57 Tiempo: 10
13:15:42.681 > Angle: 4.57 Tiempo: 10
13:15:42.697 > Angle: 4.57 Tiempo: 10
13:15:42.697 > Angle: 4.57 Tiempo: 10
13:15:42.713 > Angle: 4.57 Tiempo: 10
13:15:42.723 > Angle: 4.57 Tiempo: 10
13:15:42.729 > Angle: 4.57 Tiempo: 10
13:15:42.744 > Angle: 4.57 Tiempo: 10
13:15:42.753 > Angle: 4.57 Tiempo: 10
13:15:42.760 > Angle: 4.57 Tiempo: 10
13:15:42.776 > Angle: 4.57 Tiempo: 10
13:15:42.776 > Angle: 4.57 Tiempo: 10
13:15:42.791 > Angle: 4.57 Tiempo: 10
13:15:42.807 > Angle: 4.57 Tiempo: 10
13:15:42.809 > Angle: 4.57 Tiempo: 10
13:15:42.823 > Angle: 4.57 Tiempo: 10
13:15:42.833 > Angle: 4.57 Tiempo: 10
13:15:42.839 > Angle: 4.57 Tiempo: 10
13:15:42.855 > Angle: 4.57 Tiempo: 10
13:15:42.860 > Angle: 4.57 Tiempo: 10
13:15:42.871 > Angle: 4.57 Tiempo: 10
13:15:42.887 > Angle: 4.57 Tiempo: 10
13:15:42.887 > Angle: 4.57 Tiempo: 10
13:15:42.902 > Angle: 4.57 Tiempo: 10
13:15:42.909 > Angle: 4.57 Tiempo: 10
13:15:42.919 > Angle: 4.57 Tiempo: 10
13:15:42.934 > Angle: 4.57 Tiempo: 10
13:15:42.934 > Angle: 4.57 Tiempo: 10
13:15:42.953 > Angle: 4.57 Tiempo: 10
13:15:42.966 > Angle: 4.57 Tiempo: 10
13:15:42.976 > Angle: 4.57 Tiempo: 10
13:15:43.010 > Angle: 4.57 Tiempo: 10
13:15:43.010 > Angle: 4.57 Tiempo: 10
13:15:43.010 > Angle: 4.57 Tiempo: 10
13:15:43.015 > Angle: 4.57 Tiempo: 10
13:15:43.025 > Angle: 4.66 Tiempo: 10
13:15:43.029 > Angle: 4.66 Tiempo: 10
13:15:43.045 > Angle: 4.66 Tiempo: 10
13:15:43.053 > Angle: 4.66 Tiempo: 10
13:15:43.061 > Angle: 4.66 Tiempo: 10
13:15:43.077 > Angle: 4.66 Tiempo: 10
13:15:43.077 > Angle: 4.66 Tiempo: 10
13:15:43.092 > Angle: 4.66 Tiempo: 10
13:15:43.092 > Angle: 4.66 Tiempo: 10
13:15:43.110 > Angle: 4.57 Tiempo: 10
13:15:43.124 > Angle: 4.57 Tiempo: 10
13:15:43.134 > Angle: 4.57 Tiempo: 10
13:15:43.140 > Angle: 4.57 Tiempo: 10
13:15:43.156 > Angle: 4.57 Tiempo: 10
13:15:43.160 > Angle: 4.57 Tiempo: 10
13:15:43.173 > Angle: 4.57 Tiempo: 10
13:15:43.183 > Angle: 4.48 Tiempo: 10
13:15:43.188 > Angle: 4.48 Tiempo: 10
13:15:43.204 > Angle: 4.48 Tiempo: 10
13:15:43.210 > Angle: 4.48 Tiempo: 10
13:15:43.220 > Angle: 4.48 Tiempo: 10
13:15:43.236 > Angle: 4.48 Tiempo: 10
13:15:43.236 > Angle: 4.48 Tiempo: 10
13:15:43.254 > Angle: 4.48 Tiempo: 10
13:15:43.267 > Angle: 4.48 Tiempo: 10
13:15:43.278 > Angle: 4.39 Tiempo: 10
13:15:43.283 > Angle: 4.39 Tiempo: 10
13:15:43.283 > Angle: 4.39 Tiempo: 10
13:15:43.299 > Angle: 4.39 Tiempo: 10
13:15:43.315 > Angle: 4.39 Tiempo: 10
13:15:43.325 > Angle: 4.39 Tiempo: 10
13:15:43.331 > Angle: 4.39 Tiempo: 10
13:15:43.347 > Angle: 4.39 Tiempo: 10
13:15:43.354 > Angle: 4.39 Tiempo: 10
13:15:43.362 > Angle: 4.39 Tiempo: 10
13:15:43.372 > Angle: 4.39 Tiempo: 10
13:15:43.378 > Angle: 4.39 Tiempo: 10
13:15:43.394 > Angle: 4.39 Tiempo: 10
13:15:43.394 > Angle: 4.39 Tiempo: 10
13:15:43.410 > Angle: 4.39 Tiempo: 10
13:15:43.426 > Angle: 4.39 Tiempo: 10
13:15:43.426 > Angle: 4.39 Tiempo: 10
13:15:43.442 > Angle: 4.39 Tiempo: 10
13:15:43.458 > Angle: 4.39 Tiempo: 10
13:15:43.459 > Angle: 4.39 Tiempo: 10
13:15:43.474 > Angle: 4.39 Tiempo: 10
13:15:43.484 > Angle: 4.39 Tiempo: 10
13:15:43.490 > Angle: 4.39 Tiempo: 10
13:15:43.506 > Angle: 4.39 Tiempo: 10
13:15:43.510 > Angle: 4.39 Tiempo: 10
13:15:43.522 > Angle: 4.39 Tiempo: 10
13:15:43.537 > Angle: 4.39 Tiempo: 10
13:15:43.537 > Angle: 4.39 Tiempo: 10
13:15:43.555 > Angle: 4.39 Tiempo: 10
13:15:43.559 > Angle: 4.39 Tiempo: 10
13:15:43.569 > Angle: 4.39 Tiempo: 10
13:15:43.585 > Angle: 4.39 Tiempo: 10
13:15:43.585 > Angle: 4.39 Tiempo: 10
13:15:43.600 > Angle: 4.39 Tiempo: 10
13:15:43.617 > Angle: 4.39 Tiempo: 10
13:15:43.627 > Angle: 4.39 Tiempo: 10
13:15:43.632 > Angle: 4.39 Tiempo: 10
13:15:43.632 > Angle: 4.39 Tiempo: 10
13:15:43.655 > Angle: 4.39 Tiempo: 10
13:15:43.664 > Angle: 4.39 Tiempo: 10
13:15:43.674 > Angle: 4.39 Tiempo: 10
13:15:43.679 > Angle: 4.39 Tiempo: 10
13:15:43.695 > Angle: 4.39 Tiempo: 10
13:15:43.695 > Angle: 4.39 Tiempo: 10
13:15:43.711 > Angle: 4.39 Tiempo: 10
13:15:43.727 > Angle: 4.39 Tiempo: 10
13:15:43.727 > Angle: 4.39 Tiempo: 10
13:15:43.742 > Angle: 4.48 Tiempo: 10
13:15:43.755 > Angle: 4.48 Tiempo: 10
13:15:43.759 > Angle: 4.48 Tiempo: 10
13:15:43.775 > Angle: 4.48 Tiempo: 10
13:15:43.785 > Angle: 4.48 Tiempo: 10
13:15:43.790 > Angle: 4.57 Tiempo: 10
13:15:43.806 > Angle: 4.57 Tiempo: 10
13:15:43.810 > Angle: 4.57 Tiempo: 10
13:15:43.822 > Angle: 4.66 Tiempo: 10
13:15:43.838 > Angle: 4.66 Tiempo: 10
13:15:43.838 > Angle: 4.66 Tiempo: 10
13:15:43.855 > Angle: 4.66 Tiempo: 10
13:15:43.859 > Angle: 4.75 Tiempo: 10
13:15:43.870 > Angle: 4.75 Tiempo: 10
13:15:43.885 > Angle: 4.75 Tiempo: 10
13:15:43.885 > Angle: 4.75 Tiempo: 10
13:15:43.901 > Angle: 4.75 Tiempo: 10
13:15:43.917 > Angle: 4.75 Tiempo: 10
13:15:43.927 > Angle: 4.83 Tiempo: 10
13:15:43.933 > Angle: 4.83 Tiempo: 10
13:15:43.933 > Angle: 4.83 Tiempo: 10
13:15:43.956 > Angle: 4.83 Tiempo: 10
13:15:43.965 > Angle: 4.83 Tiempo: 10
13:15:43.975 > Angle: 4.83 Tiempo: 10
13:15:43.981 > Angle: 4.83 Tiempo: 10
13:15:43.996 > Angle: 4.83 Tiempo: 10
13:15:43.996 > Angle: 4.83 Tiempo: 10
13:15:44.013 > Angle: 4.83 Tiempo: 10
13:15:44.023 > Angle: 4.83 Tiempo: 10
13:15:44.028 > Angle: 4.83 Tiempo: 10
13:15:44.044 > Angle: 4.83 Tiempo: 10
13:15:44.056 > Angle: 4.83 Tiempo: 10
13:15:44.060 > Angle: 4.83 Tiempo: 10
13:15:44.076 > Angle: 4.83 Tiempo: 10
13:15:44.076 > Angle: 4.83 Tiempo: 10
13:15:44.092 > Angle: 4.83 Tiempo: 10
13:15:44.107 > Angle: 4.83 Tiempo: 10
13:15:44.110 > Angle: 4.83 Tiempo: 10
13:15:44.124 > Angle: 4.83 Tiempo: 10
13:15:44.134 > Angle: 4.83 Tiempo: 10
13:15:44.139 > Angle: 4.83 Tiempo: 10
13:15:44.156 > Angle: 4.83 Tiempo: 10
13:15:44.159 > Angle: 4.83 Tiempo: 10
13:15:44.171 > Angle: 4.83 Tiempo: 10
13:15:44.187 > Angle: 4.83 Tiempo: 10
13:15:44.187 > Angle: 4.83 Tiempo: 10
13:15:44.202 > Angle: 4.83 Tiempo: 10
13:15:44.209 > Angle: 4.83 Tiempo: 10
13:15:44.219 > Angle: 4.83 Tiempo: 10
13:15:44.234 > Angle: 4.83 Tiempo: 10
13:15:44.234 > Angle: 4.83 Tiempo: 10
13:15:44.257 > Angle: 4.83 Tiempo: 10
13:15:44.266 > Angle: 4.83 Tiempo: 10
13:15:44.276 > Angle: 4.83 Tiempo: 10
13:15:44.282 > Angle: 4.83 Tiempo: 10
13:15:44.297 > Angle: 4.83 Tiempo: 10
13:15:44.297 > Angle: 4.83 Tiempo: 10
13:15:44.314 > Angle: 4.83 Tiempo: 10
13:15:44.324 > Angle: 4.83 Tiempo: 10
13:15:44.329 > Angle: 4.83 Tiempo: 10
13:15:44.345 > Angle: 4.83 Tiempo: 10
13:15:44.357 > Angle: 4.83 Tiempo: 10
13:15:44.367 > Angle: 4.83 Tiempo: 10
13:15:44.377 > Angle: 4.83 Tiempo: 10
13:15:44.386 > Angle: 4.83 Tiempo: 10
13:15:44.393 > Angle: 4.83 Tiempo: 10
13:15:44.407 > Angle: 4.83 Tiempo: 10
13:15:44.414 > Angle: 4.83 Tiempo: 10
13:15:44.426 > Angle: 4.83 Tiempo: 10
13:15:44.436 > Angle: 4.83 Tiempo: 10
13:15:44.446 > Angle: 4.83 Tiempo: 10
13:15:44.457 > Angle: 4.83 Tiempo: 10
13:15:44.468 > Angle: 4.83 Tiempo: 10
13:15:44.477 > Angle: 4.83 Tiempo: 10
13:15:44.488 > Angle: 4.83 Tiempo: 10
13:15:44.494 > Angle: 4.83 Tiempo: 10
13:15:44.502 > Angle: 4.83 Tiempo: 10
13:15:44.518 > Angle: 4.83 Tiempo: 10
13:15:44.528 > Angle: 4.83 Tiempo: 10
13:15:44.535 > Angle: 4.83 Tiempo: 10
13:15:44.542 > Angle: 4.83 Tiempo: 10
13:15:44.557 > Angle: 4.83 Tiempo: 10
13:15:44.568 > Angle: 4.83 Tiempo: 10
13:15:44.576 > Angle: 4.83 Tiempo: 10
13:15:44.588 > Angle: 4.83 Tiempo: 10
13:15:44.590 > Angle: 4.83 Tiempo: 10
13:15:44.607 > Angle: 4.83 Tiempo: 10
13:15:44.618 > Angle: 4.83 Tiempo: 10
13:15:44.625 > Angle: 4.83 Tiempo: 10
13:15:44.636 > Angle: 4.83 Tiempo: 10
13:15:44.646 > Angle: 4.83 Tiempo: 10
13:15:44.657 > Angle: 4.83 Tiempo: 10
13:15:44.662 > Angle: 4.83 Tiempo: 10
13:15:44.673 > Angle: 4.83 Tiempo: 10
13:15:44.686 > Angle: 4.83 Tiempo: 10
13:15:44.694 > Angle: 4.83 Tiempo: 10
13:15:44.703 > Angle: 4.83 Tiempo: 10
13:15:44.718 > Angle: 4.83 Tiempo: 10
13:15:44.726 > Angle: 4.83 Tiempo: 10
13:15:44.734 > Angle: 4.83 Tiempo: 10
13:15:44.742 > Angle: 4.83 Tiempo: 10
13:15:44.758 > Angle: 4.83 Tiempo: 10
13:15:44.768 > Angle: 4.83 Tiempo: 10
13:15:44.770 > Angle: 4.83 Tiempo: 10
13:15:44.786 > Angle: 4.83 Tiempo: 10
13:15:44.786 > Angle: 4.83 Tiempo: 10
13:15:44.802 > Angle: 4.83 Tiempo: 10
13:15:44.815 > Angle: 4.83 Tiempo: 10
13:15:44.827 > Angle: 4.83 Tiempo: 10
13:15:44.834 > Angle: 4.83 Tiempo: 10
13:15:44.842 > Angle: 4.83 Tiempo: 10
13:15:44.858 > Angle: 4.83 Tiempo: 10
13:15:44.861 > Angle: 4.83 Tiempo: 10
13:15:44.871 > Angle: 4.83 Tiempo: 10
13:15:44.887 > Angle: 4.83 Tiempo: 10
13:15:44.895 > Angle: 4.83 Tiempo: 10
13:15:44.903 > Angle: 4.83 Tiempo: 10
13:15:44.912 > Angle: 4.83 Tiempo: 10
13:15:44.920 > Angle: 4.83 Tiempo: 10
13:15:44.928 > Angle: 4.83 Tiempo: 10
13:15:44.943 > Angle: 4.83 Tiempo: 10
13:15:44.958 > Angle: 4.83 Tiempo: 10
13:15:44.960 > Angle: 4.83 Tiempo: 10
13:15:44.975 > Angle: 4.83 Tiempo: 10
13:15:44.988 > Angle: 4.83 Tiempo: 10
13:15:44.995 > Angle: 4.83 Tiempo: 10
13:15:45.001 > Angle: 4.83 Tiempo: 10
13:15:45.018 > Angle: 4.83 Tiempo: 10
13:15:45.026 > Angle: 4.83 Tiempo: 10
13:15:45.036 > Angle: 4.83 Tiempo: 10
13:15:45.046 > Angle: 4.83 Tiempo: 10
13:15:45.054 > Angle: 4.83 Tiempo: 10
13:15:45.067 > Angle: 4.83 Tiempo: 10
13:15:45.077 > Angle: 4.83 Tiempo: 10
13:15:45.086 > Angle: 4.83 Tiempo: 10
13:15:45.098 > Angle: 4.83 Tiempo: 10
13:15:45.103 > Angle: 4.83 Tiempo: 10
13:15:45.118 > Angle: 4.83 Tiempo: 10
13:15:45.127 > Angle: 4.83 Tiempo: 10
13:15:45.136 > Angle: 4.83 Tiempo: 10
13:15:45.143 > Angle: 4.83 Tiempo: 10
13:15:45.151 > Angle: 4.83 Tiempo: 10
13:15:45.168 > Angle: 4.83 Tiempo: 10
13:15:45.170 > Angle: 4.83 Tiempo: 10
13:15:45.184 > Angle: 4.83 Tiempo: 10
13:15:45.184 > Angle: 4.83 Tiempo: 10
13:15:45.207 > Angle: 4.83 Tiempo: 10
13:15:45.218 > Angle: 4.83 Tiempo: 10
13:15:45.226 > Angle: 4.83 Tiempo: 10
13:15:45.237 > Angle: 4.83 Tiempo: 10
13:15:45.240 > Angle: 4.83 Tiempo: 10
13:15:45.256 > Angle: 4.83 Tiempo: 10
13:15:45.265 > Angle: 4.83 Tiempo: 10
13:15:45.278 > Angle: 4.83 Tiempo: 10
13:15:45.287 > Angle: 4.83 Tiempo: 10
13:15:45.294 > Angle: 4.83 Tiempo: 10
13:15:45.308 > Angle: 4.83 Tiempo: 10
13:15:45.316 > Angle: 4.83 Tiempo: 10
13:15:45.328 > Angle: 4.83 Tiempo: 10
13:15:45.337 > Angle: 4.83 Tiempo: 10
13:15:45.342 > Angle: 4.83 Tiempo: 10
13:15:45.353 > Angle: 4.83 Tiempo: 10
13:15:45.368 > Angle: 4.83 Tiempo: 10
13:15:45.378 > Angle: 4.83 Tiempo: 10
13:15:45.386 > Angle: 4.83 Tiempo: 10
13:15:45.390 > Angle: 4.83 Tiempo: 10
13:15:45.407 > Angle: 4.83 Tiempo: 10
13:15:45.415 > Angle: 4.83 Tiempo: 10
13:15:45.428 > Angle: 4.83 Tiempo: 10
13:15:45.436 > Angle: 4.83 Tiempo: 10
13:15:45.447 > Angle: 4.83 Tiempo: 10
13:15:45.456 > Angle: 4.83 Tiempo: 10
13:15:45.465 > Angle: 4.83 Tiempo: 10
13:15:45.475 > Angle: 4.83 Tiempo: 10
13:15:45.481 > Angle: 4.83 Tiempo: 10
13:15:45.496 > Angle: 4.83 Tiempo: 10
13:15:45.496 > Angle: 4.83 Tiempo: 10
13:15:45.518 > Angle: 4.83 Tiempo: 10
13:15:45.523 > Angle: 4.83 Tiempo: 10
13:15:45.535 > Angle: 4.83 Tiempo: 10
13:15:45.545 > Angle: 4.83 Tiempo: 10
13:15:45.545 > Angle: 4.83 Tiempo: 10
13:15:45.561 > Angle: 4.83 Tiempo: 10
13:15:45.576 > Angle: 4.83 Tiempo: 10
13:15:45.576 > Angle: 4.83 Tiempo: 10
13:15:45.592 > Angle: 4.83 Tiempo: 10
13:15:45.608 > Angle: 4.83 Tiempo: 10
13:15:45.609 > Angle: 4.83 Tiempo: 10
13:15:45.624 > Angle: 4.83 Tiempo: 10
13:15:45.634 > Angle: 4.83 Tiempo: 10
13:15:45.647 > Angle: 4.83 Tiempo: 10
13:15:45.658 > Angle: 4.83 Tiempo: 10
13:15:45.659 > Angle: 4.83 Tiempo: 10
13:15:45.676 > Angle: 4.83 Tiempo: 10
13:15:45.687 > Angle: 4.83 Tiempo: 10
13:15:45.695 > Angle: 4.83 Tiempo: 10
13:15:45.702 > Angle: 4.83 Tiempo: 10
13:15:45.711 > Angle: 4.83 Tiempo: 10
13:15:45.727 > Angle: 4.83 Tiempo: 10
13:15:45.735 > Angle: 4.83 Tiempo: 10
13:15:45.743 > Angle: 4.83 Tiempo: 10
13:15:45.751 > Angle: 4.83 Tiempo: 10
13:15:45.767 > Angle: 4.83 Tiempo: 10
13:15:45.778 > Angle: 4.83 Tiempo: 10
13:15:45.783 > Angle: 4.83 Tiempo: 10
13:15:45.783 > Angle: 4.83 Tiempo: 10
13:15:45.799 > Angle: 4.83 Tiempo: 10
13:15:45.815 > Angle: 4.83 Tiempo: 10
13:15:45.825 > Angle: 4.83 Tiempo: 10
13:15:45.831 > Angle: 4.83 Tiempo: 10
13:15:45.847 > Angle: 4.83 Tiempo: 10
13:15:45.856 > Angle: 4.83 Tiempo: 10
13:15:45.863 > Angle: 4.83 Tiempo: 10
13:15:45.871 > Angle: 4.83 Tiempo: 10
13:15:45.886 > Angle: 4.83 Tiempo: 10
13:15:45.894 > Angle: 4.83 Tiempo: 10
13:15:45.903 > Angle: 4.83 Tiempo: 10
13:15:45.918 > Angle: 4.83 Tiempo: 10
13:15:45.926 > Angle: 4.83 Tiempo: 10
13:15:45.935 > Angle: 4.83 Tiempo: 10
13:15:45.942 > Angle: 4.83 Tiempo: 10
13:15:45.951 > Angle: 4.83 Tiempo: 10
13:15:45.966 > Angle: 4.83 Tiempo: 10
13:15:45.976 > Angle: 4.83 Tiempo: 10
13:15:45.982 > Angle: 4.83 Tiempo: 10
13:15:45.996 > Angle: 4.83 Tiempo: 10
13:15:46.007 > Angle: 4.83 Tiempo: 10
13:15:46.018 > Angle: 4.83 Tiempo: 10
13:15:46.026 > Angle: 4.83 Tiempo: 10
13:15:46.037 > Angle: 4.83 Tiempo: 10
13:15:46.047 > Angle: 4.83 Tiempo: 10
13:15:46.056 > Angle: 4.83 Tiempo: 10
13:15:46.064 > Angle: 4.83 Tiempo: 10
13:15:46.072 > Angle: 4.83 Tiempo: 10
13:15:46.088 > Angle: 4.83 Tiempo: 10
13:15:46.096 > Angle: 4.83 Tiempo: 10
13:15:46.104 > Angle: 4.83 Tiempo: 10
13:15:46.112 > Angle: 4.83 Tiempo: 10
13:15:46.126 > Angle: 4.83 Tiempo: 10
13:15:46.136 > Angle: 4.83 Tiempo: 10
13:15:46.144 > Angle: 4.83 Tiempo: 10
13:15:46.157 > Angle: 4.83 Tiempo: 10
13:15:46.168 > Angle: 4.83 Tiempo: 10
13:15:46.176 > Angle: 4.83 Tiempo: 10
13:15:46.184 > Angle: 4.83 Tiempo: 10
13:15:46.192 > Angle: 4.83 Tiempo: 10
13:15:46.208 > Angle: 4.83 Tiempo: 10
13:15:46.216 > Angle: 4.83 Tiempo: 10
13:15:46.224 > Angle: 4.83 Tiempo: 10
13:15:46.236 > Angle: 4.83 Tiempo: 10