10:17:26.473 > Dispositivo iniciado, puedes conectarlo a Bluetooth

10:17:26.473 > AS5600 inicializada.

10:17:26.483 > Esperando mediciones...

10:17:26.486 > Raw: 1238 Angulo: 0.06

10:17:26.580 > Raw: 1238 Angulo: 0.06

10:17:26.680 > Raw: 1238 Angulo: 0.06

10:17:26.786 > Raw: 1238 Angulo: 0.06

10:17:26.880 > Raw: 1238 Angulo: 0.06

10:17:26.980 > Raw: 1238 Angulo: 0.06

10:17:27.081 > Raw: 1238 Angulo: 0.06

10:17:27.185 > Raw: 1238 Angulo: 0.06

10:17:27.285 > Raw: 1238 Angulo: 0.06

10:17:27.385 > Raw: 1238 Angulo: 0.06

10:17:27.485 > Raw: 1238 Angulo: 0.06

10:17:27.585 > Raw: 1238 Angulo: 0.06

10:17:27.685 > Raw: 1238 Angulo: 0.06

10:17:27.780 > Raw: 1238 Angulo: 0.06

10:17:27.885 > Raw: 1238 Angulo: 0.06

10:17:27.985 > Raw: 1238 Angulo: 0.06

10:17:28.085 > Raw: 1238 Angulo: 0.06

10:17:28.186 > Raw: 1238 Angulo: 0.06

10:17:28.281 > Raw: 1238 Angulo: 0.06

10:17:28.385 > Raw: 1238 Angulo: 0.06

10:17:28.485 > Raw: 1238 Angulo: 0.06

10:17:28.585 > Raw: 1238 Angulo: 0.06

10:17:28.685 > Raw: 1238 Angulo: 0.06

10:17:28.783 > Raw: 1238 Angulo: 0.06

10:17:28.885 > Raw: 1238 Angulo: 0.06

10:17:28.986 > Raw: 1238 Angulo: 0.06

10:17:29.085 > Raw: 1238 Angulo: 0.06

10:17:29.185 > Raw: 1238 Angulo: 0.06

10:17:29.280 > Raw: 1238 Angulo: 0.06

10:17:29.386 > Raw: 1238 Angulo: 0.06

10:17:29.486 > Raw: 1238 Angulo: 0.06

10:17:29.586 > Raw: 1238 Angulo: 0.06

10:17:29.686 > Raw: 1238 Angulo: 0.06

10:17:29.783 > Raw: 1238 Angulo: 0.06

10:17:29.885 > Raw: 1238 Angulo: 0.06

10:17:29.985 > Raw: 1238 Angulo: 0.06

10:17:30.085 > Raw: 1238 Angulo: 0.06

10:17:30.185 > Raw: 1238 Angulo: 0.06

10:17:30.280 > Raw: 1238 Angulo: 0.06

10:17:30.386 > Raw: 1238 Angulo: 0.06

10:17:30.486 > Raw: 1238 Angulo: 0.06

10:17:30.586 > Raw: 1238 Angulo: 0.06

10:17:30.686 > Raw: 1238 Angulo: 0.06

10:17:30.780 > Raw: 1238 Angulo: 0.06

10:17:30.886 > Raw: 1238 Angulo: 0.06

10:17:30.986 > Raw: 1238 Angulo: 0.06

10:17:31.086 > Raw: 1238 Angulo: 0.06

10:17:31.186 > Raw: 1238 Angulo: 0.06

10:17:31.284 > Raw: 1238 Angulo: 0.06

10:17:31.386 > Raw: 1238 Angulo: 0.06

10:17:31.486 > Raw: 1238 Angulo: 0.06

10:17:31.586 > Raw: 1238 Angulo: 0.06

10:17:31.686 > Raw: 1238 Angulo: 0.06

10:17:31.780 > Raw: 1238 Angulo: 0.06

10:17:31.886 > Raw: 1238 Angulo: 0.06

10:17:31.986 > Raw: 1238 Angulo: 0.06

10:17:32.086 > Raw: 1238 Angulo: 0.06

10:17:32.185 > Raw: 1238 Angulo: 0.06

10:17:32.281 > Raw: 1238 Angulo: 0.06

10:17:32.386 > Raw: 1238 Angulo: 0.06

10:17:32.486 > Raw: 1238 Angulo: 0.06

10:17:32.586 > Raw: 1238 Angulo: 0.06

10:17:32.685 > Raw: 1238 Angulo: 0.06

10:17:32.781 > Raw: 1238 Angulo: 0.06

10:17:32.886 > Raw: 1238 Angulo: 0.06

10:17:32.986 > Raw: 1238 Angulo: 0.06

10:17:33.085 > Raw: 1238 Angulo: 0.06

10:17:33.186 > Raw: 1238 Angulo: 0.06

10:17:33.280 > Raw: 1238 Angulo: 0.06

10:17:33.386 > Raw: 1238 Angulo: 0.06

10:17:33.486 > Raw: 1238 Angulo: 0.06

10:17:33.586 > Raw: 1238 Angulo: 0.06

10:17:33.685 > Raw: 1238 Angulo: 0.06

10:17:33.780 > Raw: 1238 Angulo: 0.06

10:17:33.886 > Raw: 1238 Angulo: 0.06

10:17:33.986 > Raw: 1238 Angulo: 0.06

10:17:34.086 > Raw: 1238 Angulo: 0.06

10:17:34.186 > Raw: 1238 Angulo: 0.06

10:17:34.281 > Raw: 1238 Angulo: 0.06

10:17:34.386 > Raw: 1238 Angulo: 0.06

10:17:34.486 > Raw: 1238 Angulo: 0.06

10:17:34.586 > Raw: 1238 Angulo: 0.06

10:17:34.686 > Raw: 1238 Angulo: 0.06

10:17:34.780 > Raw: 1238 Angulo: 0.06

10:17:34.885 > Raw: 1238 Angulo: 0.06

10:17:34.986 > Raw: 1238 Angulo: 0.06

10:17:35.086 > Raw: 1238 Angulo: 0.06

10:17:35.186 > Raw: 1238 Angulo: 0.06

10:17:35.281 > Raw: 1238 Angulo: 0.06

10:17:35.385 > Raw: 1238 Angulo: 0.06

10:17:35.486 > Raw: 1238 Angulo: 0.06

10:17:35.586 > Raw: 1238 Angulo: 0.06

10:17:35.686 > Raw: 1238 Angulo: 0.06

10:17:35.780 > Raw: 1238 Angulo: 0.06

10:17:35.885 > Raw: 1238 Angulo: 0.06

10:17:35.986 > Raw: 1238 Angulo: 0.06

10:17:36.085 > Raw: 1238 Angulo: 0.06

10:17:36.186 > Raw: 1238 Angulo: 0.06

10:17:36.280 > Raw: 1238 Angulo: 0.06

10:17:36.386 > Raw: 1238 Angulo: 0.06

10:17:36.486 > Raw: 1238 Angulo: 0.06

10:17:36.586 > Raw: 1238 Angulo: 0.06

10:17:36.686 > Raw: 1238 Angulo: 0.06

10:17:36.781 > Raw: 1206 Angulo: 0.01

10:17:36.885 > Raw: 1158 Angulo: -0.06

10:17:36.986 > Raw: 1160 Angulo: -0.06

10:17:37.086 > Raw: 1165 Angulo: -0.05

10:17:37.186 > Raw: 1173 Angulo: -0.04

10:17:37.281 > Raw: 1199 Angulo: 0.00

10:17:37.386 > Raw: 1225 Angulo: 0.04

10:17:37.486 > Raw: 1235 Angulo: 0.06

10:17:37.586 > Raw: 1235 Angulo: 0.06

10:17:37.686 > Raw: 1235 Angulo: 0.06

10:17:37.781 > Raw: 1231 Angulo: 0.05

10:17:37.886 > Raw: 1219 Angulo: 0.03

10:17:37.986 > Raw: 1219 Angulo: 0.03

10:17:38.086 > Raw: 1219 Angulo: 0.03

10:17:38.186 > Raw: 1219 Angulo: 0.03

10:17:38.281 > Raw: 1219 Angulo: 0.03

10:17:38.386 > Raw: 1219 Angulo: 0.03

10:17:38.486 > Raw: 1216 Angulo: 0.03

10:17:38.586 > Raw: 1216 Angulo: 0.03

10:17:38.686 > Raw: 1213 Angulo: 0.02

10:17:38.781 > Raw: 1199 Angulo: 0.00

10:17:38.886 > Raw: 1197 Angulo: 0.00

10:17:38.986 > Raw: 1190 Angulo: -0.01

10:17:39.086 > Raw: 1194 Angulo: -0.00

10:17:39.186 > Raw: 1209 Angulo: 0.02

10:17:39.281 > Raw: 1221 Angulo: 0.04

10:17:39.386 > Raw: 1224 Angulo: 0.04

10:17:39.486 > Raw: 1224 Angulo: 0.04

10:17:39.586 > Raw: 1224 Angulo: 0.04

10:17:39.686 > Raw: 1224 Angulo: 0.04

10:17:39.781 > Raw: 1224 Angulo: 0.04

10:17:39.885 > Raw: 1224 Angulo: 0.04

10:17:39.986 > Raw: 1224 Angulo: 0.04

10:17:40.086 > Raw: 1224 Angulo: 0.04

10:17:40.185 > Raw: 1224 Angulo: 0.04

10:17:40.281 > Raw: 1224 Angulo: 0.04

10:17:40.387 > Raw: 1224 Angulo: 0.04

10:17:40.487 > Raw: 1224 Angulo: 0.04

10:17:40.586 > Raw: 1224 Angulo: 0.04

10:17:40.686 > Raw: 1224 Angulo: 0.04

10:17:40.786 > Raw: 1224 Angulo: 0.04

10:17:40.887 > Raw: 1224 Angulo: 0.04

10:17:40.986 > Raw: 1224 Angulo: 0.04

10:17:41.086 > Raw: 1224 Angulo: 0.04

10:17:41.186 > Raw: 1224 Angulo: 0.04

10:17:41.281 > Raw: 1224 Angulo: 0.04

10:17:41.386 > Raw: 1224 Angulo: 0.04

10:17:41.486 > Raw: 1224 Angulo: 0.04

10:17:41.586 > Raw: 1224 Angulo: 0.04

10:17:41.686 > Raw: 1224 Angulo: 0.04

10:17:41.786 > Raw: 1224 Angulo: 0.04

10:17:41.886 > Raw: 1224 Angulo: 0.04

10:17:41.986 > Raw: 1224 Angulo: 0.04

10:17:42.086 > Raw: 1224 Angulo: 0.04

10:17:42.186 > Raw: 1224 Angulo: 0.04

10:17:42.281 > Raw: 1224 Angulo: 0.04

10:17:42.386 > Raw: 1224 Angulo: 0.04

10:17:42.486 > Raw: 1224 Angulo: 0.04

10:17:42.586 > Raw: 1224 Angulo: 0.04

10:17:42.686 > Raw: 1224 Angulo: 0.04

10:17:42.781 > Raw: 1224 Angulo: 0.04

10:17:42.886 > Raw: 1224 Angulo: 0.04

10:17:42.985 > Raw: 1224 Angulo: 0.04

10:17:43.086 > Raw: 1224 Angulo: 0.04

10:17:43.186 > Raw: 1224 Angulo: 0.04

10:17:43.285 > Raw: 1224 Angulo: 0.04

10:17:43.385 > Raw: 1224 Angulo: 0.04

10:17:43.486 > Raw: 1224 Angulo: 0.04

10:17:43.586 > Raw: 1224 Angulo: 0.04

10:17:43.686 > Raw: 1224 Angulo: 0.04

10:17:43.782 > Raw: 1224 Angulo: 0.04

10:17:43.886 > Raw: 1224 Angulo: 0.04

10:17:43.986 > Raw: 1224 Angulo: 0.04

10:17:44.086 > Raw: 1224 Angulo: 0.04

10:17:44.186 > Raw: 1224 Angulo: 0.04

10:17:44.285 > Raw: 1224 Angulo: 0.04

10:17:44.386 > Raw: 1224 Angulo: 0.04

10:17:44.486 > Raw: 1224 Angulo: 0.04

10:17:44.586 > Raw: 1224 Angulo: 0.04

10:17:44.686 > Raw: 1224 Angulo: 0.04

10:17:44.786 > Raw: 1224 Angulo: 0.04

10:17:44.886 > Raw: 1224 Angulo: 0.04

10:17:44.986 > Raw: 1224 Angulo: 0.04

10:17:45.040 > t: 0 Angulo: 0.04 Error: 1.53 Señal: 1.09

10:17:45.090 > t: 50 Angulo: 0.04 Error: 1.53 Señal: 2.27

10:17:45.140 > t: 100 Angulo: 0.05 Error: 1.52 Señal: 3.00

10:17:45.190 > t: 150 Angulo: 0.09 Error: 1.48 Señal: 3.00

10:17:45.239 > t: 200 Angulo: 0.19 Error: 1.38 Señal: 3.00

10:17:45.290 > t: 250 Angulo: 0.37 Error: 1.20 Señal: 3.00

10:17:45.340 > t: 300 Angulo: 0.61 Error: 0.96 Señal: 3.00

10:17:45.390 > t: 350 Angulo: 0.86 Error: 0.71 Señal: 3.00

10:17:45.441 > t: 400 Angulo: 1.10 Error: 0.48 Señal: 3.00

10:17:45.490 > t: 450 Angulo: 1.29 Error: 0.28 Señal: 3.00

10:17:45.540 > t: 500 Angulo: 1.45 Error: 0.12 Señal: 3.00

10:17:45.590 > t: 550 Angulo: 1.56 Error: 0.01 Señal: 3.00

10:17:45.640 > t: 600 Angulo: 1.62 Error: -0.05 Señal: 3.00

10:17:45.690 > t: 650 Angulo: 1.64 Error: -0.06 Señal: 3.00

10:17:45.740 > t: 700 Angulo: 1.61 Error: -0.04 Señal: 3.00

10:17:45.790 > t: 750 Angulo: 1.55 Error: 0.02 Señal: 3.00

10:17:45.840 > t: 800 Angulo: 1.46 Error: 0.11 Señal: 3.00

10:17:45.890 > t: 850 Angulo: 1.35 Error: 0.22 Señal: 3.00

10:17:45.940 > t: 900 Angulo: 1.23 Error: 0.34 Señal: 3.00

10:17:45.990 > t: 950 Angulo: 1.10 Error: 0.47 Señal: 3.00

10:17:46.040 > t: 1000 Angulo: 0.97 Error: 0.60 Señal: 3.00

10:17:46.090 > t: 1050 Angulo: 0.85 Error: 0.72 Señal: 3.00

10:17:46.140 > t: 1100 Angulo: 0.76 Error: 0.81 Señal: 3.00

10:17:46.190 > t: 1150 Angulo: 0.70 Error: 0.87 Señal: 3.00

10:17:46.240 > t: 1200 Angulo: 0.69 Error: 0.88 Señal: 3.00

10:17:46.290 > t: 1250 Angulo: 0.72 Error: 0.85 Señal: 3.00

10:17:46.340 > t: 1300 Angulo: 0.78 Error: 0.79 Señal: 3.00

10:17:46.391 > t: 1350 Angulo: 0.85 Error: 0.72 Señal: 3.00

10:17:46.440 > t: 1400 Angulo: 0.93 Error: 0.64 Señal: 3.00

10:17:46.490 > t: 1450 Angulo: 1.00 Error: 0.57 Señal: 3.00

10:17:46.540 > t: 1500 Angulo: 1.06 Error: 0.51 Señal: 3.00

10:17:46.590 > t: 1550 Angulo: 1.09 Error: 0.48 Señal: 3.00

10:17:46.640 > t: 1600 Angulo: 1.10 Error: 0.47 Señal: 3.00

10:17:46.690 > t: 1650 Angulo: 1.10 Error: 0.47 Señal: 3.00

10:17:46.740 > t: 1700 Angulo: 1.08 Error: 0.49 Señal: 3.00

10:17:46.789 > t: 1750 Angulo: 1.06 Error: 0.51 Señal: 3.00

10:17:46.840 > t: 1800 Angulo: 1.04 Error: 0.53 Señal: 3.00

10:17:46.890 > t: 1850 Angulo: 1.02 Error: 0.56 Señal: 3.00

10:17:46.940 > t: 1900 Angulo: 0.99 Error: 0.58 Señal: 3.00

10:17:46.990 > t: 1950 Angulo: 0.98 Error: 0.59 Señal: 3.00

10:17:47.040 > t: 2000 Angulo: 0.97 Error: 0.60 Señal: 3.00

10:17:47.090 > t: 2050 Angulo: 0.96 Error: 0.61 Señal: 3.00

10:17:47.144 > t: 2100 Angulo: 0.96 Error: 0.61 Señal: 3.00

10:17:47.191 > t: 2150 Angulo: 0.96 Error: 0.61 Señal: 3.00

10:17:47.240 > t: 2200 Angulo: 0.96 Error: 0.61 Señal: 3.00

10:17:47.290 > t: 2250 Angulo: 0.96 Error: 0.61 Señal: 3.00

10:17:47.340 > t: 2300 Angulo: 0.96 Error: 0.61 Señal: 3.00

10:17:47.390 > t: 2350 Angulo: 0.96 Error: 0.61 Señal: 3.00

10:17:47.440 > t: 2400 Angulo: 0.96 Error: 0.61 Señal: 3.00

10:17:47.490 > t: 2450 Angulo: 0.96 Error: 0.61 Señal: 3.00

10:17:47.540 > t: 2500 Angulo: 0.96 Error: 0.61 Señal: 3.00

10:17:47.590 > t: 2550 Angulo: 0.96 Error: 0.61 Señal: 3.00

10:17:47.640 > t: 2600 Angulo: 0.97 Error: 0.60 Señal: 3.00

10:17:47.690 > t: 2650 Angulo: 0.97 Error: 0.60 Señal: 3.00

10:17:47.740 > t: 2700 Angulo: 0.97 Error: 0.60 Señal: 3.00

10:17:47.800 > t: 2750 Angulo: 0.97 Error: 0.60 Señal: 3.00

10:17:47.840 > t: 2800 Angulo: 0.97 Error: 0.60 Señal: 3.00

10:17:47.890 > t: 2850 Angulo: 0.97 Error: 0.60 Señal: 3.00

10:17:47.940 > t: 2900 Angulo: 0.97 Error: 0.60 Señal: 3.00

10:17:47.990 > t: 2950 Angulo: 0.97 Error: 0.60 Señal: 3.00

10:17:48.040 > t: 3000 Angulo: 0.97 Error: 0.60 Señal: 3.00

10:17:48.090 > t: 3050 Angulo: 0.97 Error: 0.60 Señal: 3.00

10:17:48.141 > t: 3100 Angulo: 0.97 Error: 0.60 Señal: 3.00

10:17:48.190 > t: 3150 Angulo: 0.97 Error: 0.60 Señal: 3.00

10:17:48.240 > t: 3200 Angulo: 0.97 Error: 0.60 Señal: 3.00

10:17:48.290 > t: 3250 Angulo: 0.97 Error: 0.60 Señal: 3.00

10:17:48.340 > t: 3300 Angulo: 0.97 Error: 0.60 Señal: 3.00

10:17:48.390 > t: 3350 Angulo: 0.97 Error: 0.60 Señal: 3.00

10:17:48.440 > t: 3400 Angulo: 0.97 Error: 0.60 Señal: 3.00

10:17:48.491 > t: 3450 Angulo: 0.97 Error: 0.60 Señal: 3.00

10:17:48.540 > t: 3500 Angulo: 0.97 Error: 0.60 Señal: 3.00

10:17:48.590 > t: 3550 Angulo: 0.97 Error: 0.60 Señal: 3.00

10:17:48.640 > t: 3600 Angulo: 0.97 Error: 0.60 Señal: 3.00

10:17:48.691 > t: 3650 Angulo: 0.97 Error: 0.60 Señal: 3.00

10:17:48.740 > t: 3700 Angulo: 0.97 Error: 0.60 Señal: 3.00

10:17:48.790 > t: 3750 Angulo: 0.97 Error: 0.60 Señal: 3.00

10:17:48.840 > t: 3800 Angulo: 0.97 Error: 0.60 Señal: 3.00

10:17:48.890 > t: 3850 Angulo: 0.97 Error: 0.60 Señal: 3.00

10:17:48.941 > t: 3900 Angulo: 0.97 Error: 0.60 Señal: 3.00

10:17:48.990 > t: 3950 Angulo: 0.97 Error: 0.60 Señal: 3.00

10:17:49.040 > t: 4000 Angulo: 0.97 Error: 0.60 Señal: 3.00

10:17:49.091 > t: 4050 Angulo: 0.97 Error: 0.60 Señal: 3.00

10:17:49.140 > t: 4100 Angulo: 0.97 Error: 0.60 Señal: 3.00

10:17:49.191 > t: 4150 Angulo: 0.97 Error: 0.60 Señal: 3.00

10:17:49.241 > t: 4200 Angulo: 0.97 Error: 0.60 Señal: 3.00

10:17:49.290 > t: 4250 Angulo: 0.98 Error: 0.60 Señal: 3.00

10:17:49.340 > t: 4300 Angulo: 0.98 Error: 0.60 Señal: 3.00

10:17:49.390 > t: 4350 Angulo: 0.98 Error: 0.59 Señal: 3.00

10:17:49.440 > t: 4400 Angulo: 0.98 Error: 0.59 Señal: 3.00

10:17:49.490 > t: 4450 Angulo: 0.98 Error: 0.59 Señal: 3.00

10:17:49.541 > t: 4500 Angulo: 0.98 Error: 0.59 Señal: 3.00

10:17:49.590 > t: 4550 Angulo: 0.98 Error: 0.59 Señal: 3.00

10:17:49.640 > t: 4600 Angulo: 0.98 Error: 0.59 Señal: 3.00

10:17:49.691 > t: 4650 Angulo: 0.98 Error: 0.59 Señal: 3.00

10:17:49.740 > t: 4700 Angulo: 0.98 Error: 0.59 Señal: 3.00

10:17:49.791 > t: 4750 Angulo: 0.98 Error: 0.59 Señal: 3.00

10:17:49.840 > t: 4800 Angulo: 0.98 Error: 0.59 Señal: 3.00

10:17:49.890 > t: 4850 Angulo: 0.98 Error: 0.59 Señal: 3.00

10:17:49.940 > t: 4900 Angulo: 0.98 Error: 0.59 Señal: 3.00

10:17:49.991 > t: 4950 Angulo: 0.98 Error: 0.59 Señal: 3.00

10:17:50.041 > t: 5000 Angulo: 0.98 Error: 0.59 Señal: 3.00

10:17:50.091 > t: 5050 Angulo: 0.98 Error: 0.59 Señal: 3.00

10:17:50.141 > t: 5100 Angulo: 0.98 Error: 0.59 Señal: 3.00

10:17:50.191 > t: 5150 Angulo: 0.98 Error: 0.59 Señal: 3.00

10:17:50.241 > t: 5200 Angulo: 0.98 Error: 0.59 Señal: 3.00

10:17:50.290 > t: 5250 Angulo: 0.98 Error: 0.59 Señal: 3.00

10:17:50.340 > t: 5300 Angulo: 0.98 Error: 0.59 Señal: 3.00

10:17:50.391 > t: 5350 Angulo: 0.98 Error: 0.59 Señal: 3.00

10:17:50.441 > t: 5400 Angulo: 0.98 Error: 0.59 Señal: 3.00

10:17:50.491 > t: 5450 Angulo: 0.98 Error: 0.59 Señal: 3.00

10:17:50.541 > t: 5500 Angulo: 0.98 Error: 0.59 Señal: 3.00

10:17:50.591 > t: 5550 Angulo: 0.98 Error: 0.59 Señal: 3.00

10:17:50.641 > t: 5600 Angulo: 0.98 Error: 0.59 Señal: 3.00

10:17:50.691 > t: 5650 Angulo: 0.98 Error: 0.59 Señal: 3.00

10:17:50.741 > t: 5700 Angulo: 0.98 Error: 0.59 Señal: 3.00

10:17:50.801 > t: 5750 Angulo: 0.98 Error: 0.59 Señal: 3.00

10:17:50.841 > t: 5800 Angulo: 0.98 Error: 0.59 Señal: 3.00

10:17:50.891 > t: 5850 Angulo: 0.98 Error: 0.59 Señal: 3.00

10:17:50.940 > t: 5900 Angulo: 0.98 Error: 0.59 Señal: 3.00

10:17:50.991 > t: 5950 Angulo: 0.98 Error: 0.59 Señal: 3.00

10:17:51.041 > t: 6000 Angulo: 0.98 Error: 0.59 Señal: 3.00

10:17:51.091 > t: 6050 Angulo: 0.98 Error: 0.59 Señal: 3.00

10:17:51.141 > t: 6100 Angulo: 0.98 Error: 0.59 Señal: 3.00

10:17:51.191 > t: 6150 Angulo: 0.98 Error: 0.59 Señal: 3.00

10:17:51.241 > t: 6200 Angulo: 0.98 Error: 0.59 Señal: 3.00

10:17:51.290 > t: 6250 Angulo: 0.98 Error: 0.59 Señal: 3.00

10:17:51.341 > t: 6300 Angulo: 0.98 Error: 0.59 Señal: 3.00

10:17:51.390 > t: 6350 Angulo: 0.98 Error: 0.59 Señal: 3.00

10:17:51.441 > t: 6400 Angulo: 0.98 Error: 0.59 Señal: 3.00

10:17:51.491 > t: 6450 Angulo: 0.98 Error: 0.59 Señal: 3.00

10:17:51.541 > t: 6500 Angulo: 0.98 Error: 0.59 Señal: 3.00

10:17:51.591 > t: 6550 Angulo: 0.98 Error: 0.59 Señal: 3.00

10:17:51.641 > t: 6600 Angulo: 0.98 Error: 0.59 Señal: 3.00

10:17:51.691 > t: 6650 Angulo: 0.98 Error: 0.59 Señal: 3.00

10:17:51.741 > t: 6700 Angulo: 0.98 Error: 0.59 Señal: 3.00

10:17:51.790 > t: 6750 Angulo: 0.98 Error: 0.59 Señal: 3.00

10:17:51.841 > t: 6800 Angulo: 0.98 Error: 0.59 Señal: 3.00

10:17:51.891 > t: 6850 Angulo: 0.98 Error: 0.59 Señal: 3.00

10:17:51.941 > t: 6900 Angulo: 0.98 Error: 0.59 Señal: 3.00

10:17:51.991 > t: 6950 Angulo: 0.98 Error: 0.59 Señal: 3.00

10:17:52.041 > t: 7000 Angulo: 0.98 Error: 0.59 Señal: 3.00

10:17:52.090 > t: 7050 Angulo: 0.98 Error: 0.59 Señal: 3.00

10:17:52.141 > t: 7100 Angulo: 0.98 Error: 0.59 Señal: 3.00

10:17:52.191 > t: 7150 Angulo: 0.98 Error: 0.59 Señal: 3.00

10:17:52.241 > t: 7200 Angulo: 0.98 Error: 0.59 Señal: 3.00

10:17:52.290 > t: 7250 Angulo: 0.98 Error: 0.59 Señal: 3.00

10:17:52.341 > t: 7300 Angulo: 0.98 Error: 0.59 Señal: 3.00

10:17:52.391 > t: 7350 Angulo: 0.98 Error: 0.59 Señal: 3.00

10:17:52.442 > t: 7400 Angulo: 0.98 Error: 0.59 Señal: 3.00

10:17:52.491 > t: 7450 Angulo: 0.98 Error: 0.59 Señal: 3.00

10:17:52.540 > t: 7500 Angulo: 0.98 Error: 0.59 Señal: 3.00

10:17:52.591 > t: 7550 Angulo: 0.98 Error: 0.59 Señal: 3.00

10:17:52.641 > t: 7600 Angulo: 0.98 Error: 0.59 Señal: 3.00

10:17:52.691 > t: 7650 Angulo: 0.98 Error: 0.59 Señal: 3.00

10:17:52.741 > t: 7700 Angulo: 0.98 Error: 0.59 Señal: 3.00

10:17:52.790 > t: 7750 Angulo: 0.98 Error: 0.59 Señal: 3.00

10:17:52.841 > t: 7800 Angulo: 0.98 Error: 0.59 Señal: 3.00

10:17:52.891 > t: 7850 Angulo: 0.98 Error: 0.59 Señal: 3.00

10:17:52.942 > t: 7900 Angulo: 0.98 Error: 0.59 Señal: 3.00

10:17:52.990 > t: 7950 Angulo: 0.98 Error: 0.59 Señal: 3.00

10:17:53.040 > t: 8000 Angulo: 0.98 Error: 0.59 Señal: 3.00

10:17:53.091 > t: 8050 Angulo: 0.98 Error: 0.59 Señal: 3.00

10:17:53.141 > t: 8100 Angulo: 0.98 Error: 0.59 Señal: 3.00

10:17:53.191 > t: 8150 Angulo: 0.98 Error: 0.59 Señal: 3.00

10:17:53.241 > t: 8200 Angulo: 0.98 Error: 0.59 Señal: 3.00

10:17:53.290 > t: 8250 Angulo: 0.98 Error: 0.59 Señal: 3.00

10:17:53.341 > t: 8300 Angulo: 0.98 Error: 0.59 Señal: 3.00

10:17:53.391 > t: 8350 Angulo: 0.98 Error: 0.59 Señal: 3.00

10:17:53.441 > t: 8400 Angulo: 0.98 Error: 0.59 Señal: 3.00

10:17:53.491 > t: 8450 Angulo: 0.98 Error: 0.59 Señal: 3.00

10:17:53.541 > t: 8500 Angulo: 0.98 Error: 0.59 Señal: 3.00

10:17:53.591 > t: 8550 Angulo: 0.98 Error: 0.59 Señal: 3.00

10:17:53.641 > t: 8600 Angulo: 0.98 Error: 0.59 Señal: 3.00

10:17:53.691 > t: 8650 Angulo: 0.98 Error: 0.59 Señal: 3.00

10:17:53.741 > t: 8700 Angulo: 0.98 Error: 0.59 Señal: 3.00

10:17:53.801 > t: 8750 Angulo: 0.98 Error: 0.60 Señal: 3.00

10:17:53.841 > t: 8800 Angulo: 0.98 Error: 0.60 Señal: 3.00

10:17:53.891 > t: 8850 Angulo: 0.98 Error: 0.60 Señal: 3.00

10:17:53.941 > t: 8900 Angulo: 0.98 Error: 0.60 Señal: 3.00

10:17:53.991 > t: 8950 Angulo: 0.98 Error: 0.60 Señal: 3.00

10:17:54.041 > t: 9000 Angulo: 0.98 Error: 0.60 Señal: 3.00

10:17:54.091 > t: 9050 Angulo: 0.98 Error: 0.60 Señal: 3.00

10:17:54.141 > t: 9100 Angulo: 0.98 Error: 0.60 Señal: 3.00

10:17:54.191 > t: 9150 Angulo: 0.98 Error: 0.60 Señal: 3.00

10:17:54.241 > t: 9200 Angulo: 0.98 Error: 0.60 Señal: 3.00

10:17:54.291 > t: 9250 Angulo: 0.98 Error: 0.60 Señal: 3.00

10:17:54.341 > t: 9300 Angulo: 0.98 Error: 0.60 Señal: 3.00

10:17:54.391 > t: 9350 Angulo: 0.98 Error: 0.60 Señal: 3.00

10:17:54.441 > t: 9400 Angulo: 0.98 Error: 0.60 Señal: 3.00

10:17:54.491 > t: 9450 Angulo: 0.98 Error: 0.60 Señal: 3.00

10:17:54.541 > t: 9500 Angulo: 0.98 Error: 0.60 Señal: 3.00

10:17:54.591 > t: 9550 Angulo: 0.98 Error: 0.60 Señal: 3.00

10:17:54.641 > t: 9600 Angulo: 0.98 Error: 0.60 Señal: 3.00

10:17:54.692 > t: 9650 Angulo: 0.98 Error: 0.60 Señal: 3.00

10:17:54.741 > t: 9700 Angulo: 0.98 Error: 0.60 Señal: 3.00

10:17:54.791 > t: 9750 Angulo: 0.98 Error: 0.60 Señal: 3.00

10:17:54.841 > t: 9800 Angulo: 0.98 Error: 0.60 Señal: 3.00

10:17:54.891 > t: 9850 Angulo: 0.98 Error: 0.60 Señal: 3.00

10:17:54.941 > t: 9900 Angulo: 0.98 Error: 0.60 Señal: 3.00

10:17:54.992 > t: 9950 Angulo: 0.98 Error: 0.60 Señal: 3.00

10:17:55.041 > t: 10000 Angulo: 0.98 Error: 0.60 Señal: 3.00

10:17:55.093 > t: 10050 Angulo: 0.98 Error: 0.60 Señal: 3.00

10:17:55.141 > t: 10100 Angulo: 0.98 Error: 0.60 Señal: 3.00

10:17:55.191 > t: 10150 Angulo: 0.98 Error: 0.60 Señal: 3.00

10:17:55.241 > t: 10200 Angulo: 0.98 Error: 0.60 Señal: 3.00

10:17:55.291 > t: 10250 Angulo: 0.98 Error: 0.60 Señal: 3.00

10:17:55.341 > t: 10300 Angulo: 0.98 Error: 0.60 Señal: 3.00

10:17:55.391 > t: 10350 Angulo: 0.98 Error: 0.60 Señal: 3.00

10:17:55.441 > t: 10400 Angulo: 0.98 Error: 0.60 Señal: 3.00

10:17:55.491 > t: 10450 Angulo: 0.98 Error: 0.60 Señal: 3.00

10:17:55.541 > t: 10500 Angulo: 0.98 Error: 0.60 Señal: 3.00

10:17:55.591 > t: 10550 Angulo: 0.98 Error: 0.60 Señal: 3.00

10:17:55.641 > t: 10600 Angulo: 0.98 Error: 0.60 Señal: 3.00

10:17:55.691 > t: 10650 Angulo: 0.98 Error: 0.60 Señal: 3.00

10:17:55.741 > t: 10700 Angulo: 0.98 Error: 0.60 Señal: 3.00

10:17:55.791 > t: 10750 Angulo: 0.98 Error: 0.60 Señal: 3.00

10:17:55.841 > t: 10800 Angulo: 0.98 Error: 0.60 Señal: 3.00

10:17:55.900 > t: 10850 Angulo: 0.98 Error: 0.60 Señal: 3.00

10:17:55.941 > t: 10900 Angulo: 0.98 Error: 0.60 Señal: 3.00

10:17:55.991 > t: 10950 Angulo: 0.98 Error: 0.60 Señal: 3.00

10:17:56.041 > t: 11000 Angulo: 0.98 Error: 0.60 Señal: 3.00

10:17:56.092 > t: 11050 Angulo: 0.98 Error: 0.60 Señal: 3.00

10:17:56.141 > t: 11100 Angulo: 0.98 Error: 0.60 Señal: 3.00

10:17:56.191 > t: 11150 Angulo: 0.98 Error: 0.60 Señal: 3.00

10:17:56.241 > t: 11200 Angulo: 0.98 Error: 0.60 Señal: 3.00

10:17:56.290 > t: 11250 Angulo: 0.98 Error: 0.60 Señal: 3.00

10:17:56.341 > t: 11300 Angulo: 0.98 Error: 0.60 Señal: 3.00

10:17:56.391 > t: 11350 Angulo: 0.98 Error: 0.60 Señal: 3.00

10:17:56.441 > t: 11400 Angulo: 0.98 Error: 0.60 Señal: 3.00

10:17:56.491 > t: 11450 Angulo: 0.98 Error: 0.60 Señal: 3.00

10:17:56.541 > t: 11500 Angulo: 0.98 Error: 0.60 Señal: 3.00

10:17:56.591 > t: 11550 Angulo: 0.98 Error: 0.60 Señal: 3.00

10:17:56.641 > t: 11600 Angulo: 0.98 Error: 0.60 Señal: 3.00

10:17:56.691 > t: 11650 Angulo: 0.98 Error: 0.60 Señal: 3.00

10:17:56.741 > t: 11700 Angulo: 0.98 Error: 0.60 Señal: 3.00

10:17:56.801 > t: 11750 Angulo: 0.98 Error: 0.60 Señal: 3.00

10:17:56.841 > t: 11800 Angulo: 0.98 Error: 0.60 Señal: 3.00

10:17:56.891 > t: 11850 Angulo: 0.97 Error: 0.60 Señal: 3.00

10:17:56.941 > t: 11900 Angulo: 0.97 Error: 0.60 Señal: 3.00

10:17:56.991 > t: 11950 Angulo: 0.97 Error: 0.60 Señal: 3.00

10:17:57.041 > t: 12000 Angulo: 0.97 Error: 0.60 Señal: 3.00

10:17:57.091 > t: 12050 Angulo: 0.97 Error: 0.60 Señal: 3.00

10:17:57.141 > t: 12100 Angulo: 0.97 Error: 0.60 Señal: 3.00

10:17:57.191 > t: 12150 Angulo: 0.97 Error: 0.60 Señal: 3.00

10:17:57.241 > t: 12200 Angulo: 0.97 Error: 0.60 Señal: 3.00

10:17:57.291 > t: 12250 Angulo: 0.97 Error: 0.60 Señal: 3.00

10:17:57.341 > t: 12300 Angulo: 0.97 Error: 0.60 Señal: 3.00

10:17:57.391 > t: 12350 Angulo: 0.97 Error: 0.60 Señal: 3.00

10:17:57.441 > t: 12400 Angulo: 0.97 Error: 0.60 Señal: 3.00

10:17:57.491 > t: 12450 Angulo: 0.97 Error: 0.60 Señal: 3.00

10:17:57.542 > t: 12500 Angulo: 0.97 Error: 0.60 Señal: 3.00

10:17:57.591 > t: 12550 Angulo: 0.96 Error: 0.61 Señal: 3.00

10:17:57.641 > t: 12600 Angulo: 0.96 Error: 0.61 Señal: 3.00

10:17:57.691 > t: 12650 Angulo: 0.96 Error: 0.61 Señal: 3.00

10:17:57.743 > t: 12700 Angulo: 0.96 Error: 0.61 Señal: 3.00

10:17:57.791 > t: 12750 Angulo: 0.96 Error: 0.61 Señal: 3.00

10:17:57.841 > t: 12800 Angulo: 0.96 Error: 0.61 Señal: 3.00

10:17:57.891 > t: 12850 Angulo: 0.96 Error: 0.61 Señal: 3.00

10:17:57.942 > t: 12900 Angulo: 0.96 Error: 0.61 Señal: 3.00

10:17:57.991 > t: 12950 Angulo: 0.96 Error: 0.61 Señal: 3.00

10:17:58.041 > t: 13000 Angulo: 0.96 Error: 0.61 Señal: 3.00

10:17:58.091 > t: 13050 Angulo: 0.96 Error: 0.61 Señal: 3.00

10:17:58.142 > t: 13100 Angulo: 0.96 Error: 0.61 Señal: 3.00

10:17:58.191 > t: 13150 Angulo: 0.96 Error: 0.61 Señal: 3.00

10:17:58.241 > t: 13200 Angulo: 0.96 Error: 0.61 Señal: 3.00

10:17:58.291 > t: 13250 Angulo: 0.96 Error: 0.61 Señal: 3.00

10:17:58.341 > t: 13300 Angulo: 0.96 Error: 0.61 Señal: 3.00

10:17:58.392 > t: 13350 Angulo: 0.96 Error: 0.61 Señal: 3.00

10:17:58.441 > t: 13400 Angulo: 0.96 Error: 0.61 Señal: 3.00

10:17:58.491 > t: 13450 Angulo: 0.96 Error: 0.61 Señal: 3.00

10:17:58.541 > t: 13500 Angulo: 0.96 Error: 0.61 Señal: 3.00

10:17:58.591 > t: 13550 Angulo: 0.96 Error: 0.61 Señal: 3.00

10:17:58.641 > t: 13600 Angulo: 0.96 Error: 0.61 Señal: 3.00

10:17:58.691 > t: 13650 Angulo: 0.96 Error: 0.61 Señal: 3.00

10:17:58.742 > t: 13700 Angulo: 0.96 Error: 0.61 Señal: 3.00

10:17:58.791 > t: 13750 Angulo: 0.96 Error: 0.61 Señal: 3.00

10:17:58.841 > t: 13800 Angulo: 0.96 Error: 0.61 Señal: 3.00

10:17:58.891 > t: 13850 Angulo: 0.96 Error: 0.61 Señal: 3.00

10:17:58.941 > t: 13900 Angulo: 0.96 Error: 0.61 Señal: 3.00

10:17:58.991 > t: 13950 Angulo: 0.96 Error: 0.61 Señal: 3.00

10:17:59.041 > t: 14000 Angulo: 0.96 Error: 0.61 Señal: 3.00

10:17:59.092 > t: 14050 Angulo: 0.96 Error: 0.61 Señal: 3.00

10:17:59.141 > t: 14100 Angulo: 0.96 Error: 0.61 Señal: 3.00

10:17:59.192 > t: 14150 Angulo: 0.96 Error: 0.61 Señal: 3.00

10:17:59.241 > t: 14200 Angulo: 0.96 Error: 0.61 Señal: 3.00

10:17:59.291 > t: 14250 Angulo: 0.96 Error: 0.61 Señal: 3.00

10:17:59.341 > t: 14300 Angulo: 0.96 Error: 0.61 Señal: 3.00

10:17:59.391 > t: 14350 Angulo: 0.96 Error: 0.61 Señal: 3.00

10:17:59.441 > t: 14400 Angulo: 0.96 Error: 0.61 Señal: 3.00

10:17:59.491 > t: 14450 Angulo: 0.96 Error: 0.61 Señal: 3.00

10:17:59.541 > t: 14500 Angulo: 0.96 Error: 0.61 Señal: 3.00

10:17:59.591 > t: 14550 Angulo: 0.96 Error: 0.61 Señal: 3.00

10:17:59.641 > t: 14600 Angulo: 0.97 Error: 0.60 Señal: 3.00

10:17:59.692 > t: 14650 Angulo: 0.97 Error: 0.60 Señal: 3.00

10:17:59.741 > t: 14700 Angulo: 0.97 Error: 0.60 Señal: 3.00

10:17:59.801 > t: 14750 Angulo: 0.97 Error: 0.60 Señal: 3.00

10:17:59.842 > t: 14800 Angulo: 0.97 Error: 0.60 Señal: 3.00

10:17:59.892 > t: 14850 Angulo: 0.97 Error: 0.60 Señal: 3.00

10:17:59.942 > t: 14900 Angulo: 0.97 Error: 0.60 Señal: 3.00

10:17:59.992 > t: 14950 Angulo: 0.97 Error: 0.60 Señal: 3.00

10:18:00.041 > t: 15000 Angulo: 0.97 Error: 0.60 Señal: 3.00

10:18:00.091 > t: 15050 Angulo: 0.97 Error: 0.60 Señal: 3.00

10:18:00.142 > t: 15100 Angulo: 0.97 Error: 0.60 Señal: 3.00

10:18:00.192 > t: 15150 Angulo: 0.97 Error: 0.60 Señal: 3.00

10:18:00.242 > t: 15200 Angulo: 0.97 Error: 0.60 Señal: 3.00

10:18:00.291 > t: 15250 Angulo: 0.97 Error: 0.60 Señal: 3.00

10:18:00.342 > t: 15300 Angulo: 0.97 Error: 0.60 Señal: 3.00

10:18:00.394 > t: 15350 Angulo: 0.97 Error: 0.60 Señal: 3.00

10:18:00.442 > t: 15400 Angulo: 0.97 Error: 0.60 Señal: 3.00

10:18:00.491 > t: 15450 Angulo: 0.97 Error: 0.60 Señal: 3.00

10:18:00.542 > t: 15500 Angulo: 0.97 Error: 0.60 Señal: 3.00

10:18:00.591 > t: 15550 Angulo: 0.97 Error: 0.60 Señal: 3.00

10:18:00.642 > t: 15600 Angulo: 0.97 Error: 0.60 Señal: 3.00

10:18:00.692 > t: 15650 Angulo: 0.97 Error: 0.60 Señal: 3.00

10:18:00.742 > t: 15700 Angulo: 0.97 Error: 0.60 Señal: 3.00

10:18:00.791 > t: 15750 Angulo: 0.97 Error: 0.60 Señal: 3.00

10:18:00.841 > t: 15800 Angulo: 0.97 Error: 0.60 Señal: 3.00

10:18:00.892 > t: 15850 Angulo: 0.97 Error: 0.60 Señal: 3.00

10:18:00.941 > t: 15900 Angulo: 0.97 Error: 0.60 Señal: 3.00

10:18:00.991 > t: 15950 Angulo: 0.97 Error: 0.60 Señal: 3.00

10:18:01.042 > t: 16000 Angulo: 0.97 Error: 0.60 Señal: 3.00

10:18:01.092 > t: 16050 Angulo: 0.97 Error: 0.60 Señal: 3.00

10:18:01.142 > t: 16100 Angulo: 0.97 Error: 0.60 Señal: 3.00

10:18:01.192 > t: 16150 Angulo: 0.97 Error: 0.60 Señal: 3.00

10:18:01.242 > t: 16200 Angulo: 0.97 Error: 0.60 Señal: 3.00

10:18:01.291 > t: 16250 Angulo: 0.97 Error: 0.60 Señal: 3.00

10:18:01.342 > t: 16300 Angulo: 0.97 Error: 0.60 Señal: 3.00

10:18:01.392 > t: 16350 Angulo: 0.97 Error: 0.60 Señal: 3.00

10:18:01.442 > t: 16400 Angulo: 0.97 Error: 0.60 Señal: 3.00

10:18:01.492 > t: 16450 Angulo: 0.97 Error: 0.60 Señal: 3.00

10:18:01.542 > t: 16500 Angulo: 0.97 Error: 0.60 Señal: 3.00

10:18:01.592 > t: 16550 Angulo: 0.97 Error: 0.60 Señal: 3.00

10:18:01.642 > t: 16600 Angulo: 0.97 Error: 0.60 Señal: 3.00

10:18:01.692 > t: 16650 Angulo: 0.97 Error: 0.60 Señal: 3.00

10:18:01.742 > t: 16700 Angulo: 0.97 Error: 0.60 Señal: 3.00

10:18:01.791 > t: 16750 Angulo: 0.97 Error: 0.60 Señal: 3.00

10:18:01.842 > t: 16800 Angulo: 0.97 Error: 0.60 Señal: 3.00

10:18:01.892 > t: 16850 Angulo: 0.97 Error: 0.60 Señal: 3.00

10:18:01.942 > t: 16900 Angulo: 0.97 Error: 0.60 Señal: 3.00

10:18:01.991 > t: 16950 Angulo: 0.97 Error: 0.60 Señal: 3.00

10:18:02.042 > t: 17000 Angulo: 0.97 Error: 0.60 Señal: 3.00

10:18:02.092 > t: 17050 Angulo: 0.97 Error: 0.60 Señal: 3.00

10:18:02.142 > t: 17100 Angulo: 0.97 Error: 0.60 Señal: 3.00

10:18:02.192 > t: 17150 Angulo: 0.97 Error: 0.60 Señal: 3.00

10:18:02.242 > t: 17200 Angulo: 0.97 Error: 0.60 Señal: 3.00

10:18:02.291 > t: 17250 Angulo: 0.97 Error: 0.60 Señal: 3.00

10:18:02.342 > t: 17300 Angulo: 0.97 Error: 0.60 Señal: 3.00

10:18:02.392 > t: 17350 Angulo: 0.97 Error: 0.60 Señal: 3.00

10:18:02.442 > t: 17400 Angulo: 0.97 Error: 0.60 Señal: 3.00

10:18:02.492 > t: 17450 Angulo: 0.97 Error: 0.60 Señal: 3.00

10:18:02.542 > t: 17500 Angulo: 0.97 Error: 0.60 Señal: 3.00

10:18:02.592 > t: 17550 Angulo: 0.97 Error: 0.60 Señal: 3.00

10:18:02.641 > t: 17600 Angulo: 0.97 Error: 0.60 Señal: 3.00

10:18:02.691 > t: 17650 Angulo: 0.97 Error: 0.60 Señal: 3.00

10:18:02.742 > t: 17700 Angulo: 0.97 Error: 0.60 Señal: 3.00

10:18:02.802 > t: 17750 Angulo: 0.97 Error: 0.60 Señal: 3.00

10:18:02.842 > t: 17800 Angulo: 0.97 Error: 0.60 Señal: 3.00

10:18:02.892 > t: 17850 Angulo: 0.97 Error: 0.60 Señal: 3.00

10:18:02.942 > t: 17900 Angulo: 0.97 Error: 0.60 Señal: 3.00

10:18:02.992 > t: 17950 Angulo: 0.97 Error: 0.60 Señal: 3.00

10:18:03.043 > t: 18000 Angulo: 0.97 Error: 0.60 Señal: 3.00

10:18:03.092 > t: 18050 Angulo: 0.97 Error: 0.60 Señal: 3.00

10:18:03.142 > t: 18100 Angulo: 0.97 Error: 0.60 Señal: 3.00

10:18:03.192 > t: 18150 Angulo: 0.97 Error: 0.60 Señal: 3.00

10:18:03.241 > t: 18200 Angulo: 0.97 Error: 0.60 Señal: 3.00

10:18:03.291 > t: 18250 Angulo: 0.97 Error: 0.60 Señal: 3.00

10:18:03.342 > t: 18300 Angulo: 0.97 Error: 0.60 Señal: 3.00

10:18:03.392 > t: 18350 Angulo: 0.97 Error: 0.60 Señal: 3.00

10:18:03.442 > t: 18400 Angulo: 0.97 Error: 0.60 Señal: 3.00

10:18:03.492 > t: 18450 Angulo: 0.97 Error: 0.60 Señal: 3.00

10:18:03.542 > t: 18500 Angulo: 0.97 Error: 0.60 Señal: 3.00

10:18:03.591 > t: 18550 Angulo: 0.97 Error: 0.60 Señal: 3.00

10:18:03.642 > t: 18600 Angulo: 0.97 Error: 0.60 Señal: 3.00

10:18:03.692 > t: 18650 Angulo: 0.97 Error: 0.60 Señal: 3.00

10:18:03.742 > t: 18700 Angulo: 0.97 Error: 0.60 Señal: 3.00

10:18:03.792 > t: 18750 Angulo: 0.97 Error: 0.60 Señal: 3.00

10:18:03.842 > t: 18800 Angulo: 0.97 Error: 0.60 Señal: 3.00

10:18:03.892 > t: 18850 Angulo: 0.97 Error: 0.60 Señal: 3.00

10:18:03.942 > t: 18900 Angulo: 0.97 Error: 0.60 Señal: 3.00

10:18:03.992 > t: 18950 Angulo: 0.97 Error: 0.60 Señal: 3.00

10:18:04.042 > t: 19000 Angulo: 0.97 Error: 0.60 Señal: 3.00

10:18:04.092 > t: 19050 Angulo: 0.97 Error: 0.60 Señal: 3.00

10:18:04.142 > t: 19100 Angulo: 0.97 Error: 0.60 Señal: 3.00

10:18:04.192 > t: 19150 Angulo: 0.97 Error: 0.60 Señal: 3.00

10:18:04.242 > t: 19200 Angulo: 0.97 Error: 0.60 Señal: 3.00

10:18:04.292 > t: 19250 Angulo: 0.97 Error: 0.60 Señal: 3.00

10:18:04.342 > t: 19300 Angulo: 0.97 Error: 0.60 Señal: 3.00

10:18:04.392 > t: 19350 Angulo: 0.97 Error: 0.60 Señal: 3.00

10:18:04.442 > t: 19400 Angulo: 0.97 Error: 0.60 Señal: 3.00

10:18:04.492 > t: 19450 Angulo: 0.97 Error: 0.60 Señal: 3.00

10:18:04.542 > t: 19500 Angulo: 0.97 Error: 0.60 Señal: 3.00

10:18:04.592 > t: 19550 Angulo: 0.97 Error: 0.60 Señal: 3.00

10:18:04.642 > t: 19600 Angulo: 0.97 Error: 0.60 Señal: 3.00

10:18:04.705 > t: 19650 Angulo: 0.97 Error: 0.60 Señal: 3.00

10:18:04.742 > t: 19700 Angulo: 0.97 Error: 0.60 Señal: 3.00

10:18:04.792 > t: 19750 Angulo: 0.97 Error: 0.60 Señal: 3.00

10:18:04.842 > t: 19800 Angulo: 0.97 Error: 0.60 Señal: 3.00

10:18:04.892 > t: 19850 Angulo: 0.97 Error: 0.60 Señal: 3.00

10:18:04.941 > t: 19900 Angulo: 0.97 Error: 0.60 Señal: 3.00

10:18:04.993 > t: 19950 Angulo: 0.97 Error: 0.60 Señal: 3.00

10:18:05.042 > t: 20000 Angulo: 0.97 Error: 0.60 Señal: 3.00

10:18:07.007 > Raw: 1824 Angulo: 0.96

10:18:07.107 > Raw: 1784 Angulo: 0.90

10:18:07.207 > Raw: 1560 Angulo: 0.56

10:18:07.307 > Raw: 1174 Angulo: -0.04

10:18:07.407 > Raw: 910 Angulo: -0.44

10:18:07.507 > Raw: 925 Angulo: -0.42

10:18:07.607 > Raw: 1132 Angulo: -0.10

10:18:07.707 > Raw: 1386 Angulo: 0.29

10:18:07.807 > Raw: 1484 Angulo: 0.44

10:18:07.908 > Raw: 1396 Angulo: 0.31

10:18:08.007 > Raw: 1208 Angulo: 0.02

10:18:08.107 > Raw: 1063 Angulo: -0.21

10:18:08.207 > Raw: 1071 Angulo: -0.19

10:18:08.307 > Raw: 1172 Angulo: -0.04

10:18:08.407 > Raw: 1284 Angulo: 0.13

10:18:08.507 > Raw: 1327 Angulo: 0.20

10:18:08.607 > Raw: 1295 Angulo: 0.15

10:18:08.708 > Raw: 1237 Angulo: 0.06

10:18:08.807 > Raw: 1197 Angulo: 0.00

10:18:08.907 > Raw: 1197 Angulo: 0.00

10:18:09.007 > Raw: 1207 Angulo: 0.02

10:18:09.107 > Raw: 1213 Angulo: 0.02

10:18:09.208 > Raw: 1214 Angulo: 0.03

10:18:09.307 > Raw: 1214 Angulo: 0.03

10:18:09.407 > Raw: 1214 Angulo: 0.03

10:18:09.507 > Raw: 1214 Angulo: 0.03

10:18:09.607 > Raw: 1214 Angulo: 0.03

10:18:09.708 > Raw: 1214 Angulo: 0.03

10:18:09.807 > Raw: 1214 Angulo: 0.03

10:18:09.907 > Raw: 1214 Angulo: 0.03

10:18:10.007 > Raw: 1214 Angulo: 0.03

10:18:10.107 > Raw: 1214 Angulo: 0.03

10:18:10.207 > Raw: 1214 Angulo: 0.03

10:18:10.307 > Raw: 1214 Angulo: 0.03

10:18:10.407 > Raw: 1214 Angulo: 0.03

10:18:10.507 > Raw: 1214 Angulo: 0.03

10:18:10.607 > Raw: 1214 Angulo: 0.03

10:18:10.707 > Raw: 1214 Angulo: 0.03

10:18:10.807 > Raw: 1214 Angulo: 0.03

10:18:10.907 > Raw: 1214 Angulo: 0.03

10:18:11.008 > Raw: 1214 Angulo: 0.03

10:18:11.107 > Raw: 1214 Angulo: 0.03

10:18:11.207 > Raw: 1214 Angulo: 0.03

10:18:11.307 > Raw: 1214 Angulo: 0.03

10:18:11.407 > Raw: 1214 Angulo: 0.03

10:18:11.507 > Raw: 1214 Angulo: 0.03

10:18:11.607 > Raw: 1214 Angulo: 0.03

10:18:11.707 > Raw: 1214 Angulo: 0.03

10:18:11.807 > Raw: 1214 Angulo: 0.03

10:18:11.907 > Raw: 1214 Angulo: 0.03

10:18:12.008 > Raw: 1214 Angulo: 0.03

10:18:12.107 > Raw: 1214 Angulo: 0.03

10:18:12.207 > Raw: 1214 Angulo: 0.03

10:18:12.307 > Raw: 1214 Angulo: 0.03

10:18:12.407 > Raw: 1214 Angulo: 0.03

10:18:12.507 > Raw: 1214 Angulo: 0.03

10:18:12.607 > Raw: 1214 Angulo: 0.03

10:18:12.707 > Raw: 1214 Angulo: 0.03

10:18:12.807 > Raw: 1214 Angulo: 0.03

10:18:12.907 > Raw: 1214 Angulo: 0.03

10:18:13.008 > Raw: 1214 Angulo: 0.03

10:18:13.107 > Raw: 1214 Angulo: 0.03

10:18:13.207 > Raw: 1214 Angulo: 0.03

10:18:13.307 > Raw: 1214 Angulo: 0.03

10:18:13.407 > Raw: 1214 Angulo: 0.03

10:18:13.507 > Raw: 1214 Angulo: 0.03

10:18:13.607 > Raw: 1214 Angulo: 0.03

10:18:13.708 > Raw: 1214 Angulo: 0.03

10:18:13.807 > Raw: 1214 Angulo: 0.03

10:18:13.907 > Raw: 1214 Angulo: 0.03

10:18:14.007 > Raw: 1214 Angulo: 0.03

10:18:14.106 > Raw: 1214 Angulo: 0.03

10:18:14.207 > Raw: 1214 Angulo: 0.03

10:18:14.307 > Raw: 1214 Angulo: 0.03

10:18:14.407 > Raw: 1214 Angulo: 0.03

10:18:14.508 > Raw: 1214 Angulo: 0.03

10:18:14.607 > Raw: 1214 Angulo: 0.03

10:18:14.707 > Raw: 1214 Angulo: 0.03

10:18:14.807 > Raw: 1214 Angulo: 0.03

10:18:14.908 > Raw: 1214 Angulo: 0.03

10:18:15.007 > Raw: 1214 Angulo: 0.03

10:18:15.107 > Raw: 1214 Angulo: 0.03

10:18:15.207 > Raw: 1214 Angulo: 0.03

10:18:15.307 > Raw: 1214 Angulo: 0.03

10:18:15.407 > Raw: 1214 Angulo: 0.03

10:18:52.525 > Raw: 1215 Angulo: 0.03

10:18:52.620 > Raw: 1215 Angulo: 0.03

10:18:52.727 > Raw: 1215 Angulo: 0.03

10:18:52.820 > Raw: 1215 Angulo: 0.03

10:18:52.920 > Raw: 1215 Angulo: 0.03

10:18:53.020 > Raw: 1215 Angulo: 0.03

10:18:53.120 > Raw: 1215 Angulo: 0.03

10:18:53.220 > Raw: 1215 Angulo: 0.03

10:18:53.320 > Raw: 1215 Angulo: 0.03

10:18:53.420 > Raw: 1215 Angulo: 0.03

10:18:53.520 > Raw: 1215 Angulo: 0.03

10:18:53.626 > Raw: 1215 Angulo: 0.03

10:18:53.726 > Raw: 1215 Angulo: 0.03

10:18:53.823 > Raw: 1215 Angulo: 0.03

10:18:53.920 > Raw: 1215 Angulo: 0.03

10:18:54.020 > Raw: 1215 Angulo: 0.03

10:18:54.126 > Raw: 1215 Angulo: 0.03

10:18:54.226 > Raw: 1215 Angulo: 0.03

10:18:54.322 > Raw: 1215 Angulo: 0.03

10:18:54.420 > Raw: 1215 Angulo: 0.03

10:18:54.520 > Raw: 1215 Angulo: 0.03

10:18:54.623 > Raw: 1215 Angulo: 0.03

10:18:54.720 > Raw: 1215 Angulo: 0.03

10:18:54.826 > Raw: 1215 Angulo: 0.03

10:18:54.926 > Raw: 1215 Angulo: 0.03

10:18:55.020 > Raw: 1215 Angulo: 0.03

10:18:55.127 > Raw: 1215 Angulo: 0.03

10:18:55.220 > Raw: 1215 Angulo: 0.03

10:18:55.320 > Raw: 1215 Angulo: 0.03

10:18:55.425 > Raw: 1215 Angulo: 0.03

10:18:55.520 > Raw: 1215 Angulo: 0.03

10:18:55.620 > Raw: 1215 Angulo: 0.03

10:18:55.720 > Raw: 1215 Angulo: 0.03

10:18:55.820 > Raw: 1215 Angulo: 0.03

10:18:55.920 > Raw: 1215 Angulo: 0.03

10:18:56.026 > Raw: 1215 Angulo: 0.03

10:18:56.126 > Raw: 1215 Angulo: 0.03

10:18:56.220 > Raw: 1215 Angulo: 0.03

10:18:56.326 > Raw: 1215 Angulo: 0.03

10:18:56.426 > Raw: 1215 Angulo: 0.03

10:18:56.520 > Raw: 1215 Angulo: 0.03

